Traceback (most recent call last):
  File "/capstor/scratch/cscs/ybudanaz/dace/dace/codegen/compiler.py", line 224, in configure_and_compile
    _run_liveoutput(cmake_command, shell=True, cwd=build_folder, output_stream=output_stream)
    ~~~~~~~~~~~~~~~^^^^^^^^^^^^^^^^^^^^^^^^^^^^^^^^^^^^^^^^^^^^^^^^^^^^^^^^^^^^^^^^^^^^^^^^^^
  File "/capstor/scratch/cscs/ybudanaz/dace/dace/codegen/compiler.py", line 429, in _run_liveoutput
    raise subprocess.CalledProcessError(process.returncode, command, output.getvalue())
subprocess.CalledProcessError: Command 'cmake  "/capstor/scratch/cscs/ybudanaz/dace/dace/codegen" -DDACE_SRC_DIR="/capstor/scratch/cscs/ybudanaz/data_must_flow_artifacts/division_by_zero/gcc/arm/.dacecache/division_by_zero/src" -DDACE_FILES="cpu/division_by_zero.cpp" -DDACE_PROGRAM_NAME=division_by_zero -DDACE_ENV_CMAKE_FILES="" -DDACE_ENV_COMPILE_FLAGS="" -DDACE_ENV_INCLUDES="" -DDACE_ENV_LIBRARIES="" -DDACE_ENV_MINIMUM_VERSION=0 -DDACE_ENV_PACKAGES="" -DDACE_ENV_VAR_KEYS="" -DDACE_ENV_VAR_VALUES="" -DCMAKE_CXX_FLAGS="-mcpu=neoverse-v2 -march=aarch64 -fopenmp -std=c++17 -faligned-new -fPIC -Wall -Wextra -O3 -ffast-math -Wno-unused-parameter -Wno-unused-label" -DDACE_LIBS="" -DCMAKE_BUILD_TYPE=RelWithDebInfo -DCMAKE_SHARED_LINKER_FLAGS="-Wl,--disable-new-dtags"' returned non-zero exit status 1.

During handling of the above exception, another exception occurred:

Traceback (most recent call last):
  File "/capstor/scratch/cscs/ybudanaz/dace/dace/codegen/compiler.py", line 232, in configure_and_compile
    _run_liveoutput(cmake_command, shell=True, cwd=build_folder, output_stream=output_stream)
    ~~~~~~~~~~~~~~~^^^^^^^^^^^^^^^^^^^^^^^^^^^^^^^^^^^^^^^^^^^^^^^^^^^^^^^^^^^^^^^^^^^^^^^^^^
  File "/capstor/scratch/cscs/ybudanaz/dace/dace/codegen/compiler.py", line 429, in _run_liveoutput
    raise subprocess.CalledProcessError(process.returncode, command, output.getvalue())
subprocess.CalledProcessError: Command 'cmake  "/capstor/scratch/cscs/ybudanaz/dace/dace/codegen" -DDACE_SRC_DIR="/capstor/scratch/cscs/ybudanaz/data_must_flow_artifacts/division_by_zero/gcc/arm/.dacecache/division_by_zero/src" -DDACE_FILES="cpu/division_by_zero.cpp" -DDACE_PROGRAM_NAME=division_by_zero -DDACE_ENV_CMAKE_FILES="" -DDACE_ENV_COMPILE_FLAGS="" -DDACE_ENV_INCLUDES="" -DDACE_ENV_LIBRARIES="" -DDACE_ENV_MINIMUM_VERSION=0 -DDACE_ENV_PACKAGES="" -DDACE_ENV_VAR_KEYS="" -DDACE_ENV_VAR_VALUES="" -DCMAKE_CXX_FLAGS="-mcpu=neoverse-v2 -march=aarch64 -fopenmp -std=c++17 -faligned-new -fPIC -Wall -Wextra -O3 -ffast-math -Wno-unused-parameter -Wno-unused-label" -DDACE_LIBS="" -DCMAKE_BUILD_TYPE=RelWithDebInfo -DCMAKE_SHARED_LINKER_FLAGS="-Wl,--disable-new-dtags"' returned non-zero exit status 1.

During handling of the above exception, another exception occurred:

Traceback (most recent call last):
  File "/capstor/scratch/cscs/ybudanaz/data_must_flow_artifacts/division_by_zero/gcc/arm/benchmark_division_by_zero.py", line 217, in <module>
    all_timings["division_by_zero", S] = run_sdfg_multiple_times(
                                         ~~~~~~~~~~~~~~~~~~~~~~~^
        sdfg=division_by_zero_sdfg,
        ^^^^^^^^^^^^^^^^^^^^^^^^^^^
    ...<2 lines>...
        num_runs=NUM_REPS,
        ^^^^^^^^^^^^^^^^^^
    )
    ^
  File "/capstor/scratch/cscs/ybudanaz/data_must_flow_artifacts/division_by_zero/gcc/arm/benchmark_division_by_zero.py", line 136, in run_sdfg_multiple_times
    compiled = sdfg.compile()
  File "/capstor/scratch/cscs/ybudanaz/dace/dace/sdfg/sdfg.py", line 2436, in compile
    shared_library = compiler.configure_and_compile(program_folder, sdfg.name)
  File "/capstor/scratch/cscs/ybudanaz/dace/dace/codegen/compiler.py", line 238, in configure_and_compile
    raise cgx.CompilerConfigurationError('Configuration failure:\n' + ex.output)
dace.codegen.exceptions.CompilerConfigurationError: Configuration failure:
-- The C compiler identification is GNU 14.2.0
-- The CXX compiler identification is GNU 14.2.0
-- Detecting C compiler ABI info
-- Detecting C compiler ABI info - done
-- Check for working C compiler: /users/ybudanaz/spack/opt/spack/linux-neoverse_v2/gcc-14.2.0-3yfsrg6mh744hecf7w6smbtndwxjdxga/bin/gcc - skipped
-- Detecting C compile features
-- Detecting C compile features - done
-- Detecting CXX compiler ABI info
-- Detecting CXX compiler ABI info - failed
-- Check for working CXX compiler: /users/ybudanaz/spack/opt/spack/linux-neoverse_v2/gcc-14.2.0-3yfsrg6mh744hecf7w6smbtndwxjdxga/bin/g++
-- Check for working CXX compiler: /users/ybudanaz/spack/opt/spack/linux-neoverse_v2/gcc-14.2.0-3yfsrg6mh744hecf7w6smbtndwxjdxga/bin/g++ - broken
CMake Error at /users/ybudanaz/spack/opt/spack/linux-neoverse_v2/cmake-3.31.8-53faq3e7cxxh2fcih7aqfivnnswyqe5x/share/cmake-3.31/Modules/CMakeTestCXXCompiler.cmake:73 (message):
  The C++ compiler
    "/users/ybudanaz/spack/opt/spack/linux-neoverse_v2/gcc-14.2.0-3yfsrg6mh744hecf7w6smbtndwxjdxga/bin/g++"

  is not able to compile a simple test program.

  It fails with the following output:

    Change Dir: '/capstor/scratch/cscs/ybudanaz/data_must_flow_artifacts/division_by_zero/gcc/arm/.dacecache/division_by_zero/build/CMakeFiles/CMakeScratch/TryCompile-qbKJzo'
    
    Run Build Command(s): /users/ybudanaz/spack/opt/spack/linux-neoverse_v2/cmake-3.31.8-53faq3e7cxxh2fcih7aqfivnnswyqe5x/bin/cmake -E env VERBOSE=1 /users/ybudanaz/spack/opt/spack/linux-neoverse_v2/gmake-4.4.1-kpelobm3n3axadyblhj775u4qve6lfad/bin/gmake -f Makefile cmTC_286b7/fast
    /users/ybudanaz/spack/opt/spack/linux-neoverse_v2/gmake-4.4.1-kpelobm3n3axadyblhj775u4qve6lfad/bin/gmake  -f CMakeFiles/cmTC_286b7.dir/build.make CMakeFiles/cmTC_286b7.dir/build
    gmake[1]: Entering directory '/capstor/scratch/cscs/ybudanaz/data_must_flow_artifacts/division_by_zero/gcc/arm/.dacecache/division_by_zero/build/CMakeFiles/CMakeScratch/TryCompile-qbKJzo'
    Building CXX object CMakeFiles/cmTC_286b7.dir/testCXXCompiler.cxx.o
    /users/ybudanaz/spack/opt/spack/linux-neoverse_v2/gcc-14.2.0-3yfsrg6mh744hecf7w6smbtndwxjdxga/bin/g++   -mcpu=neoverse-v2 -march=aarch64 -fopenmp -std=c++17 -faligned-new -fPIC -Wall -Wextra -O3 -ffast-math -Wno-unused-parameter -Wno-unused-label  -o CMakeFiles/cmTC_286b7.dir/testCXXCompiler.cxx.o -c /capstor/scratch/cscs/ybudanaz/data_must_flow_artifacts/division_by_zero/gcc/arm/.dacecache/division_by_zero/build/CMakeFiles/CMakeScratch/TryCompile-qbKJzo/testCXXCompiler.cxx
    cc1plus: error: unknown value 'aarch64' for '-march'
    cc1plus: note: valid arguments are: armv8-a armv8.1-a armv8.2-a armv8.3-a armv8.4-a armv8.5-a armv8.6-a armv8.7-a armv8.8-a armv8.9-a armv8-r armv9-a armv9.1-a armv9.2-a armv9.3-a armv9.4-a native
    gmake[1]: *** [CMakeFiles/cmTC_286b7.dir/build.make:81: CMakeFiles/cmTC_286b7.dir/testCXXCompiler.cxx.o] Error 1
    gmake[1]: Leaving directory '/capstor/scratch/cscs/ybudanaz/data_must_flow_artifacts/division_by_zero/gcc/arm/.dacecache/division_by_zero/build/CMakeFiles/CMakeScratch/TryCompile-qbKJzo'
    gmake: *** [Makefile:134: cmTC_286b7/fast] Error 2
    
    

  

  CMake will not be able to correctly generate this project.
Call Stack (most recent call first):
  CMakeLists.txt:3 (project)


-- Configuring incomplete, errors occurred!

