Traceback (most recent call last):
  File "/scratch/ybudanaz/dace/dace/codegen/compiler.py", line 245, in configure_and_compile
    _run_liveoutput("cmake --build . --config %s" % (Config.get('compiler', 'build_type')),
  File "/scratch/ybudanaz/dace/dace/codegen/compiler.py", line 429, in _run_liveoutput
    raise subprocess.CalledProcessError(process.returncode, command, output.getvalue())
subprocess.CalledProcessError: Command 'cmake --build . --config RelWithDebInfo' returned non-zero exit status 2.

During handling of the above exception, another exception occurred:

Traceback (most recent call last):
  File "/scratch/ybudanaz/data_must_flow_artifacts/force_gather/gcc/amd_epyc/benchmark_force_gather.py", line 197, in <module>
    all_timings[name, N] = run_sdfg_multiple_times(
                           ^^^^^^^^^^^^^^^^^^^^^^^^
  File "/scratch/ybudanaz/data_must_flow_artifacts/force_gather/gcc/amd_epyc/benchmark_force_gather.py", line 81, in run_sdfg_multiple_times
    compiled = sdfg.compile()
               ^^^^^^^^^^^^^^
  File "/scratch/ybudanaz/dace/dace/sdfg/sdfg.py", line 2436, in compile
    shared_library = compiler.configure_and_compile(program_folder, sdfg.name)
                     ^^^^^^^^^^^^^^^^^^^^^^^^^^^^^^^^^^^^^^^^^^^^^^^^^^^^^^^^^
  File "/scratch/ybudanaz/dace/dace/codegen/compiler.py", line 254, in configure_and_compile
    raise cgx.CompilationError('Compiler failure:\n' + ex.output)
dace.codegen.exceptions.CompilationError: Compiler failure:
[ 25%] Building CXX object CMakeFiles/gather_load_static_veclen_8_no_cpy.dir/scratch/ybudanaz/data_must_flow_artifacts/force_gather/gcc/amd_epyc/.dacecache/gather_load_static_veclen_8_no_cpy/src/cpu/gather_load_static_veclen_8_no_cpy.cpp.o
/scratch/ybudanaz/data_must_flow_artifacts/force_gather/gcc/amd_epyc/.dacecache/gather_load_static_veclen_8_no_cpy/src/cpu/gather_load_static_veclen_8_no_cpy.cpp: In function 'void gather_load_143_4_0_0_0(gather_load_static_veclen_8_no_cpy_state_t*, double*, int64_t*, const double&, double*)':
/scratch/ybudanaz/data_must_flow_artifacts/force_gather/gcc/amd_epyc/.dacecache/gather_load_static_veclen_8_no_cpy/src/cpu/gather_load_static_veclen_8_no_cpy.cpp:21:13: warning: variable '__sym___tmp_144_21_r' set but not used [-Wunused-but-set-variable]
   21 |     int64_t __sym___tmp_144_21_r;
      |             ^~~~~~~~~~~~~~~~~~~~
In file included from /scratch/ybudanaz/data_must_flow_artifacts/force_gather/gcc/amd_epyc/.dacecache/gather_load_static_veclen_8_no_cpy/src/cpu/gather_load_static_veclen_8_no_cpy.cpp:14:
/scratch/ybudanaz/dace/dace/codegen/../runtime/include/dace/vector_intrinsics/gather.h: In function 'void gather_double_avx512(const double*, const int64_t*, double*)':
/scratch/ybudanaz/dace/dace/codegen/../runtime/include/dace/vector_intrinsics/gather.h:10:54: warning: AVX512F vector return without AVX512F enabled changes the ABI [-Wpsabi]
   10 |     __m512i vindex = _mm512_loadu_si512((__m512i*)idx);
      |                                                      ^
In file included from /scratch/ybudanaz/spack/opt/spack/linux-centos8-zen2/gcc-10.2.0/gcc-14.2.0-2ib2x4iccgsxfde5ggfripdsywmm5hxc/lib/gcc/x86_64-pc-linux-gnu/14.2.0/include/immintrin.h:55,
                 from /scratch/ybudanaz/dace/dace/codegen/../runtime/include/dace/vector_intrinsics/gather.h:3:
/scratch/ybudanaz/spack/opt/spack/linux-centos8-zen2/gcc-10.2.0/gcc-14.2.0-2ib2x4iccgsxfde5ggfripdsywmm5hxc/lib/gcc/x86_64-pc-linux-gnu/14.2.0/include/avx512fintrin.h:9359:1: error: inlining failed in call to 'always_inline' 'void _mm512_storeu_pd(void*, __m512d)': target specific option mismatch
 9359 | _mm512_storeu_pd (void *__P, __m512d __A)
      | ^~~~~~~~~~~~~~~~
/scratch/ybudanaz/dace/dace/codegen/../runtime/include/dace/vector_intrinsics/gather.h:16:21: note: called from here
   16 |     _mm512_storeu_pd(B, vdata);
      |     ~~~~~~~~~~~~~~~~^~~~~~~~~~
/scratch/ybudanaz/spack/opt/spack/linux-centos8-zen2/gcc-10.2.0/gcc-14.2.0-2ib2x4iccgsxfde5ggfripdsywmm5hxc/lib/gcc/x86_64-pc-linux-gnu/14.2.0/include/avx512fintrin.h:12468:1: error: inlining failed in call to 'always_inline' '__m512d _mm512_i64gather_pd(__m512i, const void*, int)': target specific option mismatch
12468 | _mm512_i64gather_pd (__m512i __index, void const *__addr, int __scale)
      | ^~~~~~~~~~~~~~~~~~~
/scratch/ybudanaz/dace/dace/codegen/../runtime/include/dace/vector_intrinsics/gather.h:13:40: note: called from here
   13 |     __m512d vdata = _mm512_i64gather_pd(vindex, A, 8);
      |                     ~~~~~~~~~~~~~~~~~~~^~~~~~~~~~~~~~
/scratch/ybudanaz/spack/opt/spack/linux-centos8-zen2/gcc-10.2.0/gcc-14.2.0-2ib2x4iccgsxfde5ggfripdsywmm5hxc/lib/gcc/x86_64-pc-linux-gnu/14.2.0/include/avx512fintrin.h:9456:1: error: inlining failed in call to 'always_inline' '__m512i _mm512_loadu_si512(const void*)': target specific option mismatch
 9456 | _mm512_loadu_si512 (void const *__P)
      | ^~~~~~~~~~~~~~~~~~
/scratch/ybudanaz/dace/dace/codegen/../runtime/include/dace/vector_intrinsics/gather.h:10:40: note: called from here
   10 |     __m512i vindex = _mm512_loadu_si512((__m512i*)idx);
      |                      ~~~~~~~~~~~~~~~~~~^~~~~~~~~~~~~~~
gmake[2]: *** [CMakeFiles/gather_load_static_veclen_8_no_cpy.dir/build.make:79: CMakeFiles/gather_load_static_veclen_8_no_cpy.dir/scratch/ybudanaz/data_must_flow_artifacts/force_gather/gcc/amd_epyc/.dacecache/gather_load_static_veclen_8_no_cpy/src/cpu/gather_load_static_veclen_8_no_cpy.cpp.o] Error 1
gmake[1]: *** [CMakeFiles/Makefile2:90: CMakeFiles/gather_load_static_veclen_8_no_cpy.dir/all] Error 2
gmake: *** [Makefile:91: all] Error 2

Traceback (most recent call last):
  File "/scratch/ybudanaz/dace/dace/codegen/compiler.py", line 245, in configure_and_compile
    _run_liveoutput("cmake --build . --config %s" % (Config.get('compiler', 'build_type')),
  File "/scratch/ybudanaz/dace/dace/codegen/compiler.py", line 429, in _run_liveoutput
    raise subprocess.CalledProcessError(process.returncode, command, output.getvalue())
subprocess.CalledProcessError: Command 'cmake --build . --config RelWithDebInfo' returned non-zero exit status 2.

During handling of the above exception, another exception occurred:

Traceback (most recent call last):
  File "/scratch/ybudanaz/data_must_flow_artifacts/force_gather/gcc/amd_epyc/benchmark_force_gather.py", line 197, in <module>
    all_timings[name, N] = run_sdfg_multiple_times(
                           ^^^^^^^^^^^^^^^^^^^^^^^^
  File "/scratch/ybudanaz/data_must_flow_artifacts/force_gather/gcc/amd_epyc/benchmark_force_gather.py", line 81, in run_sdfg_multiple_times
    compiled = sdfg.compile()
               ^^^^^^^^^^^^^^
  File "/scratch/ybudanaz/dace/dace/sdfg/sdfg.py", line 2436, in compile
    shared_library = compiler.configure_and_compile(program_folder, sdfg.name)
                     ^^^^^^^^^^^^^^^^^^^^^^^^^^^^^^^^^^^^^^^^^^^^^^^^^^^^^^^^^
  File "/scratch/ybudanaz/dace/dace/codegen/compiler.py", line 254, in configure_and_compile
    raise cgx.CompilationError('Compiler failure:\n' + ex.output)
dace.codegen.exceptions.CompilationError: Compiler failure:
[ 25%] Building CXX object CMakeFiles/gather_load_force_width_512_static_veclen_8_no_cpy.dir/scratch/ybudanaz/data_must_flow_artifacts/force_gather/gcc/amd_epyc/.dacecache/gather_load_force_width_512_static_veclen_8_no_cpy/src/cpu/gather_load_force_width_512_static_veclen_8_no_cpy.cpp.o
/scratch/ybudanaz/data_must_flow_artifacts/force_gather/gcc/amd_epyc/.dacecache/gather_load_force_width_512_static_veclen_8_no_cpy/src/cpu/gather_load_force_width_512_static_veclen_8_no_cpy.cpp: In function 'void gather_load_143_4_0_0_0(gather_load_force_width_512_static_veclen_8_no_cpy_state_t*, double*, int64_t*, const double&, double*)':
/scratch/ybudanaz/data_must_flow_artifacts/force_gather/gcc/amd_epyc/.dacecache/gather_load_force_width_512_static_veclen_8_no_cpy/src/cpu/gather_load_force_width_512_static_veclen_8_no_cpy.cpp:21:13: warning: variable '__sym___tmp_144_21_r' set but not used [-Wunused-but-set-variable]
   21 |     int64_t __sym___tmp_144_21_r;
      |             ^~~~~~~~~~~~~~~~~~~~
In file included from /scratch/ybudanaz/data_must_flow_artifacts/force_gather/gcc/amd_epyc/.dacecache/gather_load_force_width_512_static_veclen_8_no_cpy/src/cpu/gather_load_force_width_512_static_veclen_8_no_cpy.cpp:14:
/scratch/ybudanaz/dace/dace/codegen/../runtime/include/dace/vector_intrinsics/gather.h: In function 'void gather_double_avx512(const double*, const int64_t*, double*)':
/scratch/ybudanaz/dace/dace/codegen/../runtime/include/dace/vector_intrinsics/gather.h:10:54: warning: AVX512F vector return without AVX512F enabled changes the ABI [-Wpsabi]
   10 |     __m512i vindex = _mm512_loadu_si512((__m512i*)idx);
      |                                                      ^
In file included from /scratch/ybudanaz/spack/opt/spack/linux-centos8-zen2/gcc-10.2.0/gcc-14.2.0-2ib2x4iccgsxfde5ggfripdsywmm5hxc/lib/gcc/x86_64-pc-linux-gnu/14.2.0/include/immintrin.h:55,
                 from /scratch/ybudanaz/dace/dace/codegen/../runtime/include/dace/vector_intrinsics/gather.h:3:
/scratch/ybudanaz/spack/opt/spack/linux-centos8-zen2/gcc-10.2.0/gcc-14.2.0-2ib2x4iccgsxfde5ggfripdsywmm5hxc/lib/gcc/x86_64-pc-linux-gnu/14.2.0/include/avx512fintrin.h:9359:1: error: inlining failed in call to 'always_inline' 'void _mm512_storeu_pd(void*, __m512d)': target specific option mismatch
 9359 | _mm512_storeu_pd (void *__P, __m512d __A)
      | ^~~~~~~~~~~~~~~~
/scratch/ybudanaz/dace/dace/codegen/../runtime/include/dace/vector_intrinsics/gather.h:16:21: note: called from here
   16 |     _mm512_storeu_pd(B, vdata);
      |     ~~~~~~~~~~~~~~~~^~~~~~~~~~
/scratch/ybudanaz/spack/opt/spack/linux-centos8-zen2/gcc-10.2.0/gcc-14.2.0-2ib2x4iccgsxfde5ggfripdsywmm5hxc/lib/gcc/x86_64-pc-linux-gnu/14.2.0/include/avx512fintrin.h:12468:1: error: inlining failed in call to 'always_inline' '__m512d _mm512_i64gather_pd(__m512i, const void*, int)': target specific option mismatch
12468 | _mm512_i64gather_pd (__m512i __index, void const *__addr, int __scale)
      | ^~~~~~~~~~~~~~~~~~~
/scratch/ybudanaz/dace/dace/codegen/../runtime/include/dace/vector_intrinsics/gather.h:13:40: note: called from here
   13 |     __m512d vdata = _mm512_i64gather_pd(vindex, A, 8);
      |                     ~~~~~~~~~~~~~~~~~~~^~~~~~~~~~~~~~
/scratch/ybudanaz/spack/opt/spack/linux-centos8-zen2/gcc-10.2.0/gcc-14.2.0-2ib2x4iccgsxfde5ggfripdsywmm5hxc/lib/gcc/x86_64-pc-linux-gnu/14.2.0/include/avx512fintrin.h:9456:1: error: inlining failed in call to 'always_inline' '__m512i _mm512_loadu_si512(const void*)': target specific option mismatch
 9456 | _mm512_loadu_si512 (void const *__P)
      | ^~~~~~~~~~~~~~~~~~
/scratch/ybudanaz/dace/dace/codegen/../runtime/include/dace/vector_intrinsics/gather.h:10:40: note: called from here
   10 |     __m512i vindex = _mm512_loadu_si512((__m512i*)idx);
      |                      ~~~~~~~~~~~~~~~~~~^~~~~~~~~~~~~~~
gmake[2]: *** [CMakeFiles/gather_load_force_width_512_static_veclen_8_no_cpy.dir/build.make:79: CMakeFiles/gather_load_force_width_512_static_veclen_8_no_cpy.dir/scratch/ybudanaz/data_must_flow_artifacts/force_gather/gcc/amd_epyc/.dacecache/gather_load_force_width_512_static_veclen_8_no_cpy/src/cpu/gather_load_force_width_512_static_veclen_8_no_cpy.cpp.o] Error 1
gmake[1]: *** [CMakeFiles/Makefile2:90: CMakeFiles/gather_load_force_width_512_static_veclen_8_no_cpy.dir/all] Error 2
gmake: *** [Makefile:91: all] Error 2

