Traceback (most recent call last):
  File "/scratch/ybudanaz/data_must_flow_artifacts/cloudsc_pattern_one/intel/intel_xeon/benchmark_cloudsc_pattern_one.py", line 365, in <module>
    arrays=base_arrays,
           ^^^^^^^^^^^
NameError: name 'base_arrays' is not defined. Did you mean: 'base_flags'?
Traceback (most recent call last):
  File "/scratch/ybudanaz/data_must_flow_artifacts/cloudsc_pattern_one/intel/intel_xeon/benchmark_cloudsc_pattern_one.py", line 365, in <module>
    arrays=base_arrays,
           ^^^^^^^^^^^
NameError: name 'base_arrays' is not defined. Did you mean: 'base_flags'?
Traceback (most recent call last):
  File "/scratch/ybudanaz/data_must_flow_artifacts/cloudsc_pattern_one/intel/intel_xeon/benchmark_cloudsc_pattern_one.py", line 365, in <module>
    arrays=base_arrays,
           ^^^^^^^^^^^
NameError: name 'base_arrays' is not defined. Did you mean: 'base_flags'?
Traceback (most recent call last):
  File "/scratch/ybudanaz/data_must_flow_artifacts/cloudsc_pattern_one/intel/intel_xeon/benchmark_cloudsc_pattern_one.py", line 365, in <module>
    arrays=base_arrays,
           ^^^^^^^^^^^
NameError: name 'base_arrays' is not defined. Did you mean: 'base_flags'?
Traceback (most recent call last):
  File "/scratch/ybudanaz/data_must_flow_artifacts/cloudsc_pattern_one/intel/intel_xeon/benchmark_cloudsc_pattern_one.py", line 365, in <module>
    arrays=base_arrays,
           ^^^^^^^^^^^
NameError: name 'base_arrays' is not defined. Did you mean: 'base_flags'?
Traceback (most recent call last):
  File "/scratch/ybudanaz/data_must_flow_artifacts/cloudsc_pattern_one/intel/intel_xeon/benchmark_cloudsc_pattern_one.py", line 365, in <module>
    arrays=base_arrays,
           ^^^^^^^^^^^
NameError: name 'base_arrays' is not defined. Did you mean: 'base_flags'?
