Traceback (most recent call last):
  File "/capstor/scratch/cscs/ybudanaz/data_must_flow_artifacts/exp_implementations/llvm/arm/benchmark_exp_implementations.py", line 7, in <module>
    from dace.dace.transformation.passes.vectorization.tasklet_preprocessing_passes import ReplaceSTDLogWithDaCeLog
ModuleNotFoundError: No module named 'dace.dace'
Traceback (most recent call last):
  File "/capstor/scratch/cscs/ybudanaz/data_must_flow_artifacts/exp_implementations/llvm/arm/benchmark_exp_implementations.py", line 7, in <module>
    from dace.dace.transformation.passes.vectorization.tasklet_preprocessing_passes import ReplaceSTDLogWithDaCeLog
ModuleNotFoundError: No module named 'dace.dace'
Traceback (most recent call last):
  File "/capstor/scratch/cscs/ybudanaz/data_must_flow_artifacts/exp_implementations/llvm/arm/benchmark_exp_implementations.py", line 7, in <module>
    from dace.dace.transformation.passes.vectorization.tasklet_preprocessing_passes import ReplaceSTDLogWithDaCeLog
ModuleNotFoundError: No module named 'dace.dace'
Traceback (most recent call last):
  File "/capstor/scratch/cscs/ybudanaz/data_must_flow_artifacts/exp_implementations/llvm/arm/benchmark_exp_implementations.py", line 7, in <module>
    from dace.dace.transformation.passes.vectorization.tasklet_preprocessing_passes import ReplaceSTDLogWithDaCeLog
ModuleNotFoundError: No module named 'dace.dace'
Traceback (most recent call last):
  File "/capstor/scratch/cscs/ybudanaz/data_must_flow_artifacts/exp_implementations/llvm/arm/benchmark_exp_implementations.py", line 7, in <module>
    from dace.dace.transformation.passes.vectorization.tasklet_preprocessing_passes import ReplaceSTDLogWithDaCeLog
ModuleNotFoundError: No module named 'dace.dace'
Traceback (most recent call last):
  File "/capstor/scratch/cscs/ybudanaz/data_must_flow_artifacts/exp_implementations/llvm/arm/benchmark_exp_implementations.py", line 7, in <module>
    from dace.dace.transformation.passes.vectorization.tasklet_preprocessing_passes import ReplaceSTDLogWithDaCeLog
ModuleNotFoundError: No module named 'dace.dace'
Traceback (most recent call last):
  File "/capstor/scratch/cscs/ybudanaz/data_must_flow_artifacts/exp_implementations/llvm/arm/benchmark_exp_implementations.py", line 7, in <module>
    from dace.dace.transformation.passes.vectorization.tasklet_preprocessing_passes import ReplaceSTDLogWithDaCeLog
ModuleNotFoundError: No module named 'dace.dace'
Traceback (most recent call last):
  File "/capstor/scratch/cscs/ybudanaz/data_must_flow_artifacts/exp_implementations/llvm/arm/benchmark_exp_implementations.py", line 7, in <module>
    from dace.dace.transformation.passes.vectorization.tasklet_preprocessing_passes import ReplaceSTDLogWithDaCeLog
ModuleNotFoundError: No module named 'dace.dace'
Traceback (most recent call last):
  File "/capstor/scratch/cscs/ybudanaz/data_must_flow_artifacts/exp_implementations/llvm/arm/benchmark_exp_implementations.py", line 7, in <module>
    from dace.dace.transformation.passes.vectorization.tasklet_preprocessing_passes import ReplaceSTDLogWithDaCeLog
ModuleNotFoundError: No module named 'dace.dace'
Traceback (most recent call last):
  File "/capstor/scratch/cscs/ybudanaz/data_must_flow_artifacts/exp_implementations/llvm/arm/benchmark_exp_implementations.py", line 7, in <module>
    from dace.dace.transformation.passes.vectorization.tasklet_preprocessing_passes import ReplaceSTDLogWithDaCeLog
ModuleNotFoundError: No module named 'dace.dace'
