Traceback (most recent call last):
  File "/scratch/ybudanaz/dace/dace/codegen/compiler.py", line 245, in configure_and_compile
    _run_liveoutput("cmake --build . --config %s" % (Config.get('compiler', 'build_type')),
  File "/scratch/ybudanaz/dace/dace/codegen/compiler.py", line 429, in _run_liveoutput
    raise subprocess.CalledProcessError(process.returncode, command, output.getvalue())
subprocess.CalledProcessError: Command 'cmake --build . --config RelWithDebInfo' returned non-zero exit status 2.

During handling of the above exception, another exception occurred:

Traceback (most recent call last):
  File "/scratch/ybudanaz/data_must_flow_artifacts/force_gather/llvm/amd_epyc/benchmark_force_gather.py", line 197, in <module>
    all_timings[name, N] = run_sdfg_multiple_times(
                           ^^^^^^^^^^^^^^^^^^^^^^^^
  File "/scratch/ybudanaz/data_must_flow_artifacts/force_gather/llvm/amd_epyc/benchmark_force_gather.py", line 81, in run_sdfg_multiple_times
    compiled = sdfg.compile()
               ^^^^^^^^^^^^^^
  File "/scratch/ybudanaz/dace/dace/sdfg/sdfg.py", line 2436, in compile
    shared_library = compiler.configure_and_compile(program_folder, sdfg.name)
                     ^^^^^^^^^^^^^^^^^^^^^^^^^^^^^^^^^^^^^^^^^^^^^^^^^^^^^^^^^
  File "/scratch/ybudanaz/dace/dace/codegen/compiler.py", line 254, in configure_and_compile
    raise cgx.CompilationError('Compiler failure:\n' + ex.output)
dace.codegen.exceptions.CompilationError: Compiler failure:
[ 25%] Building CXX object CMakeFiles/gather_load_static_veclen_8_no_cpy.dir/scratch/ybudanaz/data_must_flow_artifacts/force_gather/llvm/amd_epyc/.dacecache/gather_load_static_veclen_8_no_cpy/src/cpu/gather_load_static_veclen_8_no_cpy.cpp.o
/scratch/ybudanaz/data_must_flow_artifacts/force_gather/llvm/amd_epyc/.dacecache/gather_load_static_veclen_8_no_cpy/src/cpu/gather_load_static_veclen_8_no_cpy.cpp:21:13: warning: variable '__sym___tmp_144_21_r' set but not used [-Wunused-but-set-variable]
   21 |     int64_t __sym___tmp_144_21_r;
      |             ^
In file included from /scratch/ybudanaz/data_must_flow_artifacts/force_gather/llvm/amd_epyc/.dacecache/gather_load_static_veclen_8_no_cpy/src/cpu/gather_load_static_veclen_8_no_cpy.cpp:14:
/scratch/ybudanaz/dace/dace/codegen/../runtime/include/dace/vector_intrinsics/gather.h:10:22: error: always_inline function '_mm512_loadu_si512' requires target feature 'avx512f', but would be inlined into function 'gather_double_avx512' that is compiled without support for 'avx512f'
   10 |     __m512i vindex = _mm512_loadu_si512((__m512i*)idx);
      |                      ^
/scratch/ybudanaz/dace/dace/codegen/../runtime/include/dace/vector_intrinsics/gather.h:10:22: error: AVX vector return of type '__m512i' (vector of 8 'long long' values) without 'avx512f' enabled changes the ABI
/scratch/ybudanaz/dace/dace/codegen/../runtime/include/dace/vector_intrinsics/gather.h:13:21: error: '__builtin_ia32_gatherdiv8df' needs target feature avx512f,evex512
   13 |     __m512d vdata = _mm512_i64gather_pd(vindex, A, 8);
      |                     ^
/scratch/ybudanaz/lib/clang/21/include/avx512fintrin.h:7667:13: note: expanded from macro '_mm512_i64gather_pd'
 7667 |   ((__m512d)__builtin_ia32_gatherdiv8df((__v8df)_mm512_undefined_pd(), \
      |             ^
In file included from /scratch/ybudanaz/data_must_flow_artifacts/force_gather/llvm/amd_epyc/.dacecache/gather_load_static_veclen_8_no_cpy/src/cpu/gather_load_static_veclen_8_no_cpy.cpp:14:
/scratch/ybudanaz/dace/dace/codegen/../runtime/include/dace/vector_intrinsics/gather.h:13:21: error: always_inline function '_mm512_undefined_pd' requires target feature 'avx512f', but would be inlined into function 'gather_double_avx512' that is compiled without support for 'avx512f'
/scratch/ybudanaz/lib/clang/21/include/avx512fintrin.h:7667:49: note: expanded from macro '_mm512_i64gather_pd'
 7667 |   ((__m512d)__builtin_ia32_gatherdiv8df((__v8df)_mm512_undefined_pd(), \
      |                                                 ^
In file included from /scratch/ybudanaz/data_must_flow_artifacts/force_gather/llvm/amd_epyc/.dacecache/gather_load_static_veclen_8_no_cpy/src/cpu/gather_load_static_veclen_8_no_cpy.cpp:14:
/scratch/ybudanaz/dace/dace/codegen/../runtime/include/dace/vector_intrinsics/gather.h:13:21: error: AVX vector return of type '__m512d' (vector of 8 'double' values) without 'avx512f' enabled changes the ABI
/scratch/ybudanaz/lib/clang/21/include/avx512fintrin.h:7667:49: note: expanded from macro '_mm512_i64gather_pd'
 7667 |   ((__m512d)__builtin_ia32_gatherdiv8df((__v8df)_mm512_undefined_pd(), \
      |                                                 ^
In file included from /scratch/ybudanaz/data_must_flow_artifacts/force_gather/llvm/amd_epyc/.dacecache/gather_load_static_veclen_8_no_cpy/src/cpu/gather_load_static_veclen_8_no_cpy.cpp:14:
/scratch/ybudanaz/dace/dace/codegen/../runtime/include/dace/vector_intrinsics/gather.h:16:5: error: always_inline function '_mm512_storeu_pd' requires target feature 'avx512f', but would be inlined into function 'gather_double_avx512' that is compiled without support for 'avx512f'
   16 |     _mm512_storeu_pd(B, vdata);
      |     ^
/scratch/ybudanaz/dace/dace/codegen/../runtime/include/dace/vector_intrinsics/gather.h:16:5: error: AVX vector argument of type '__m512d' (vector of 8 'double' values) without 'avx512f' enabled changes the ABI
1 warning and 7 errors generated.
gmake[2]: *** [CMakeFiles/gather_load_static_veclen_8_no_cpy.dir/build.make:79: CMakeFiles/gather_load_static_veclen_8_no_cpy.dir/scratch/ybudanaz/data_must_flow_artifacts/force_gather/llvm/amd_epyc/.dacecache/gather_load_static_veclen_8_no_cpy/src/cpu/gather_load_static_veclen_8_no_cpy.cpp.o] Error 1
gmake[1]: *** [CMakeFiles/Makefile2:90: CMakeFiles/gather_load_static_veclen_8_no_cpy.dir/all] Error 2
gmake: *** [Makefile:91: all] Error 2

Traceback (most recent call last):
  File "/scratch/ybudanaz/dace/dace/codegen/compiler.py", line 245, in configure_and_compile
    _run_liveoutput("cmake --build . --config %s" % (Config.get('compiler', 'build_type')),
  File "/scratch/ybudanaz/dace/dace/codegen/compiler.py", line 429, in _run_liveoutput
    raise subprocess.CalledProcessError(process.returncode, command, output.getvalue())
subprocess.CalledProcessError: Command 'cmake --build . --config RelWithDebInfo' returned non-zero exit status 2.

During handling of the above exception, another exception occurred:

Traceback (most recent call last):
  File "/scratch/ybudanaz/data_must_flow_artifacts/force_gather/llvm/amd_epyc/benchmark_force_gather.py", line 197, in <module>
    all_timings[name, N] = run_sdfg_multiple_times(
                           ^^^^^^^^^^^^^^^^^^^^^^^^
  File "/scratch/ybudanaz/data_must_flow_artifacts/force_gather/llvm/amd_epyc/benchmark_force_gather.py", line 81, in run_sdfg_multiple_times
    compiled = sdfg.compile()
               ^^^^^^^^^^^^^^
  File "/scratch/ybudanaz/dace/dace/sdfg/sdfg.py", line 2436, in compile
    shared_library = compiler.configure_and_compile(program_folder, sdfg.name)
                     ^^^^^^^^^^^^^^^^^^^^^^^^^^^^^^^^^^^^^^^^^^^^^^^^^^^^^^^^^
  File "/scratch/ybudanaz/dace/dace/codegen/compiler.py", line 254, in configure_and_compile
    raise cgx.CompilationError('Compiler failure:\n' + ex.output)
dace.codegen.exceptions.CompilationError: Compiler failure:
[ 25%] Building CXX object CMakeFiles/gather_load_force_width_512_static_veclen_8_no_cpy.dir/scratch/ybudanaz/data_must_flow_artifacts/force_gather/llvm/amd_epyc/.dacecache/gather_load_force_width_512_static_veclen_8_no_cpy/src/cpu/gather_load_force_width_512_static_veclen_8_no_cpy.cpp.o
/scratch/ybudanaz/data_must_flow_artifacts/force_gather/llvm/amd_epyc/.dacecache/gather_load_force_width_512_static_veclen_8_no_cpy/src/cpu/gather_load_force_width_512_static_veclen_8_no_cpy.cpp:21:13: warning: variable '__sym___tmp_144_21_r' set but not used [-Wunused-but-set-variable]
   21 |     int64_t __sym___tmp_144_21_r;
      |             ^
In file included from /scratch/ybudanaz/data_must_flow_artifacts/force_gather/llvm/amd_epyc/.dacecache/gather_load_force_width_512_static_veclen_8_no_cpy/src/cpu/gather_load_force_width_512_static_veclen_8_no_cpy.cpp:14:
/scratch/ybudanaz/dace/dace/codegen/../runtime/include/dace/vector_intrinsics/gather.h:10:22: error: always_inline function '_mm512_loadu_si512' requires target feature 'avx512f', but would be inlined into function 'gather_double_avx512' that is compiled without support for 'avx512f'
   10 |     __m512i vindex = _mm512_loadu_si512((__m512i*)idx);
      |                      ^
/scratch/ybudanaz/dace/dace/codegen/../runtime/include/dace/vector_intrinsics/gather.h:10:22: error: AVX vector return of type '__m512i' (vector of 8 'long long' values) without 'avx512f' enabled changes the ABI
/scratch/ybudanaz/dace/dace/codegen/../runtime/include/dace/vector_intrinsics/gather.h:13:21: error: '__builtin_ia32_gatherdiv8df' needs target feature avx512f,evex512
   13 |     __m512d vdata = _mm512_i64gather_pd(vindex, A, 8);
      |                     ^
/scratch/ybudanaz/lib/clang/21/include/avx512fintrin.h:7667:13: note: expanded from macro '_mm512_i64gather_pd'
 7667 |   ((__m512d)__builtin_ia32_gatherdiv8df((__v8df)_mm512_undefined_pd(), \
      |             ^
In file included from /scratch/ybudanaz/data_must_flow_artifacts/force_gather/llvm/amd_epyc/.dacecache/gather_load_force_width_512_static_veclen_8_no_cpy/src/cpu/gather_load_force_width_512_static_veclen_8_no_cpy.cpp:14:
/scratch/ybudanaz/dace/dace/codegen/../runtime/include/dace/vector_intrinsics/gather.h:13:21: error: always_inline function '_mm512_undefined_pd' requires target feature 'avx512f', but would be inlined into function 'gather_double_avx512' that is compiled without support for 'avx512f'
/scratch/ybudanaz/lib/clang/21/include/avx512fintrin.h:7667:49: note: expanded from macro '_mm512_i64gather_pd'
 7667 |   ((__m512d)__builtin_ia32_gatherdiv8df((__v8df)_mm512_undefined_pd(), \
      |                                                 ^
In file included from /scratch/ybudanaz/data_must_flow_artifacts/force_gather/llvm/amd_epyc/.dacecache/gather_load_force_width_512_static_veclen_8_no_cpy/src/cpu/gather_load_force_width_512_static_veclen_8_no_cpy.cpp:14:
/scratch/ybudanaz/dace/dace/codegen/../runtime/include/dace/vector_intrinsics/gather.h:13:21: error: AVX vector return of type '__m512d' (vector of 8 'double' values) without 'avx512f' enabled changes the ABI
/scratch/ybudanaz/lib/clang/21/include/avx512fintrin.h:7667:49: note: expanded from macro '_mm512_i64gather_pd'
 7667 |   ((__m512d)__builtin_ia32_gatherdiv8df((__v8df)_mm512_undefined_pd(), \
      |                                                 ^
In file included from /scratch/ybudanaz/data_must_flow_artifacts/force_gather/llvm/amd_epyc/.dacecache/gather_load_force_width_512_static_veclen_8_no_cpy/src/cpu/gather_load_force_width_512_static_veclen_8_no_cpy.cpp:14:
/scratch/ybudanaz/dace/dace/codegen/../runtime/include/dace/vector_intrinsics/gather.h:16:5: error: always_inline function '_mm512_storeu_pd' requires target feature 'avx512f', but would be inlined into function 'gather_double_avx512' that is compiled without support for 'avx512f'
   16 |     _mm512_storeu_pd(B, vdata);
      |     ^
/scratch/ybudanaz/dace/dace/codegen/../runtime/include/dace/vector_intrinsics/gather.h:16:5: error: AVX vector argument of type '__m512d' (vector of 8 'double' values) without 'avx512f' enabled changes the ABI
1 warning and 7 errors generated.
gmake[2]: *** [CMakeFiles/gather_load_force_width_512_static_veclen_8_no_cpy.dir/build.make:79: CMakeFiles/gather_load_force_width_512_static_veclen_8_no_cpy.dir/scratch/ybudanaz/data_must_flow_artifacts/force_gather/llvm/amd_epyc/.dacecache/gather_load_force_width_512_static_veclen_8_no_cpy/src/cpu/gather_load_force_width_512_static_veclen_8_no_cpy.cpp.o] Error 1
gmake[1]: *** [CMakeFiles/Makefile2:90: CMakeFiles/gather_load_force_width_512_static_veclen_8_no_cpy.dir/all] Error 2
gmake: *** [Makefile:91: all] Error 2

