Traceback (most recent call last):
  File "/scratch/ybudanaz/dace/dace/codegen/compiler.py", line 224, in configure_and_compile
    _run_liveoutput(cmake_command, shell=True, cwd=build_folder, output_stream=output_stream)
  File "/scratch/ybudanaz/dace/dace/codegen/compiler.py", line 429, in _run_liveoutput
    raise subprocess.CalledProcessError(process.returncode, command, output.getvalue())
subprocess.CalledProcessError: Command 'cmake  "/scratch/ybudanaz/dace/dace/codegen" -DDACE_SRC_DIR="/scratch/ybudanaz/data_must_flow_artifacts/log_implementations/gcc/amd_epyc/.dacecache/log_implementations_dace/src" -DDACE_FILES="cpu/log_implementations_dace.cpp" -DDACE_PROGRAM_NAME=log_implementations_dace -DDACE_ENV_CMAKE_FILES="" -DDACE_ENV_COMPILE_FLAGS="" -DDACE_ENV_INCLUDES="" -DDACE_ENV_LIBRARIES="" -DDACE_ENV_MINIMUM_VERSION=0 -DDACE_ENV_PACKAGES="" -DDACE_ENV_VAR_KEYS="" -DDACE_ENV_VAR_VALUES="" -DCMAKE_CXX_COMPILER="/scratch/ybudanaz/spack/opt/spack/linux-centos8-zen2/gcc-10.2.0/gcc-14.2.0-2ib2x4iccgsxfde5ggfripdsywmm5hxc/bin/g++" -DCMAKE_CXX_FLAGS="-fopenmp -fstrict-aliasing -std=c++17 -faligned-new -fPIC -Wall -Wextra -O3 -march=native -ffast-math -Wno-unused-parameter -Wno-unused-label -march=armv9-a+sve2 -mcpu=neoverse-v2" -DDACE_LIBS="" -DCMAKE_BUILD_TYPE=RelWithDebInfo -DCMAKE_SHARED_LINKER_FLAGS="-Wl,--disable-new-dtags"' returned non-zero exit status 1.

During handling of the above exception, another exception occurred:

Traceback (most recent call last):
  File "/scratch/ybudanaz/dace/dace/codegen/compiler.py", line 232, in configure_and_compile
    _run_liveoutput(cmake_command, shell=True, cwd=build_folder, output_stream=output_stream)
  File "/scratch/ybudanaz/dace/dace/codegen/compiler.py", line 429, in _run_liveoutput
    raise subprocess.CalledProcessError(process.returncode, command, output.getvalue())
subprocess.CalledProcessError: Command 'cmake  "/scratch/ybudanaz/dace/dace/codegen" -DDACE_SRC_DIR="/scratch/ybudanaz/data_must_flow_artifacts/log_implementations/gcc/amd_epyc/.dacecache/log_implementations_dace/src" -DDACE_FILES="cpu/log_implementations_dace.cpp" -DDACE_PROGRAM_NAME=log_implementations_dace -DDACE_ENV_CMAKE_FILES="" -DDACE_ENV_COMPILE_FLAGS="" -DDACE_ENV_INCLUDES="" -DDACE_ENV_LIBRARIES="" -DDACE_ENV_MINIMUM_VERSION=0 -DDACE_ENV_PACKAGES="" -DDACE_ENV_VAR_KEYS="" -DDACE_ENV_VAR_VALUES="" -DCMAKE_CXX_COMPILER="/scratch/ybudanaz/spack/opt/spack/linux-centos8-zen2/gcc-10.2.0/gcc-14.2.0-2ib2x4iccgsxfde5ggfripdsywmm5hxc/bin/g++" -DCMAKE_CXX_FLAGS="-fopenmp -fstrict-aliasing -std=c++17 -faligned-new -fPIC -Wall -Wextra -O3 -march=native -ffast-math -Wno-unused-parameter -Wno-unused-label -march=armv9-a+sve2 -mcpu=neoverse-v2" -DDACE_LIBS="" -DCMAKE_BUILD_TYPE=RelWithDebInfo -DCMAKE_SHARED_LINKER_FLAGS="-Wl,--disable-new-dtags"' returned non-zero exit status 1.

During handling of the above exception, another exception occurred:

Traceback (most recent call last):
  File "/scratch/ybudanaz/data_must_flow_artifacts/log_implementations/gcc/amd_epyc/benchmark_log_implementations.py", line 265, in <module>
    all_timings["log_implementations_dace", S] = run_sdfg_multiple_times(
                                                 ^^^^^^^^^^^^^^^^^^^^^^^^
  File "/scratch/ybudanaz/data_must_flow_artifacts/log_implementations/gcc/amd_epyc/benchmark_log_implementations.py", line 182, in run_sdfg_multiple_times
    compiled = sdfg.compile()
               ^^^^^^^^^^^^^^
  File "/scratch/ybudanaz/dace/dace/sdfg/sdfg.py", line 2436, in compile
    shared_library = compiler.configure_and_compile(program_folder, sdfg.name)
                     ^^^^^^^^^^^^^^^^^^^^^^^^^^^^^^^^^^^^^^^^^^^^^^^^^^^^^^^^^
  File "/scratch/ybudanaz/dace/dace/codegen/compiler.py", line 238, in configure_and_compile
    raise cgx.CompilerConfigurationError('Configuration failure:\n' + ex.output)
dace.codegen.exceptions.CompilerConfigurationError: Configuration failure:
-- The C compiler identification is GNU 14.2.0
-- The CXX compiler identification is GNU 14.2.0
-- Detecting C compiler ABI info
-- Detecting C compiler ABI info - done
-- Check for working C compiler: /scratch/ybudanaz/spack/opt/spack/linux-centos8-zen2/gcc-10.2.0/gcc-14.2.0-2ib2x4iccgsxfde5ggfripdsywmm5hxc/bin/gcc - skipped
-- Detecting C compile features
-- Detecting C compile features - done
-- Detecting CXX compiler ABI info
-- Detecting CXX compiler ABI info - failed
-- Check for working CXX compiler: /scratch/ybudanaz/spack/opt/spack/linux-centos8-zen2/gcc-10.2.0/gcc-14.2.0-2ib2x4iccgsxfde5ggfripdsywmm5hxc/bin/g++
-- Check for working CXX compiler: /scratch/ybudanaz/spack/opt/spack/linux-centos8-zen2/gcc-10.2.0/gcc-14.2.0-2ib2x4iccgsxfde5ggfripdsywmm5hxc/bin/g++ - broken
CMake Error at /users/ybudanaz/.pyenv/versions/3.12.4/lib/python3.12/site-packages/cmake/data/share/cmake-4.2/Modules/CMakeTestCXXCompiler.cmake:73 (message):
  The C++ compiler
    "/scratch/ybudanaz/spack/opt/spack/linux-centos8-zen2/gcc-10.2.0/gcc-14.2.0-2ib2x4iccgsxfde5ggfripdsywmm5hxc/bin/g++"

  is not able to compile a simple test program.

  It fails with the following output:

    Change Dir: '/scratch/ybudanaz/data_must_flow_artifacts/log_implementations/gcc/amd_epyc/.dacecache/log_implementations_dace/build/CMakeFiles/CMakeScratch/TryCompile-Zr041S'
    
    Run Build Command(s): /users/ybudanaz/.pyenv/versions/3.12.4/lib/python3.12/site-packages/cmake/data/bin/cmake -E env VERBOSE=1 /scratch/ybudanaz/spack/opt/spack/linux-centos8-zen2/gcc-10.2.0/gmake-4.4.1-gpmelukr7tfcxmwv3tlwazj6jelsyke6/bin/gmake -f Makefile cmTC_5d8d7/fast
    /scratch/ybudanaz/spack/opt/spack/linux-centos8-zen2/gcc-10.2.0/gmake-4.4.1-gpmelukr7tfcxmwv3tlwazj6jelsyke6/bin/gmake  -f CMakeFiles/cmTC_5d8d7.dir/build.make CMakeFiles/cmTC_5d8d7.dir/build
    gmake[1]: Entering directory '/scratch/ybudanaz/data_must_flow_artifacts/log_implementations/gcc/amd_epyc/.dacecache/log_implementations_dace/build/CMakeFiles/CMakeScratch/TryCompile-Zr041S'
    Building CXX object CMakeFiles/cmTC_5d8d7.dir/testCXXCompiler.cxx.o
    /scratch/ybudanaz/spack/opt/spack/linux-centos8-zen2/gcc-10.2.0/gcc-14.2.0-2ib2x4iccgsxfde5ggfripdsywmm5hxc/bin/g++   -fopenmp -fstrict-aliasing -std=c++17 -faligned-new -fPIC -Wall -Wextra -O3 -march=native -ffast-math -Wno-unused-parameter -Wno-unused-label -march=armv9-a+sve2 -mcpu=neoverse-v2  -o CMakeFiles/cmTC_5d8d7.dir/testCXXCompiler.cxx.o -c /scratch/ybudanaz/data_must_flow_artifacts/log_implementations/gcc/amd_epyc/.dacecache/log_implementations_dace/build/CMakeFiles/CMakeScratch/TryCompile-Zr041S/testCXXCompiler.cxx
    g++: warning: '-mcpu=' is deprecated; use '-mtune=' or '-march=' instead
    cc1plus: error: bad value 'armv9-a+sve2' for '-march=' switch
    cc1plus: note: valid arguments to '-march=' switch are: nocona core2 nehalem corei7 westmere sandybridge corei7-avx ivybridge core-avx-i haswell core-avx2 broadwell skylake skylake-avx512 cannonlake icelake-client rocketlake icelake-server cascadelake tigerlake cooperlake sapphirerapids emeraldrapids alderlake raptorlake meteorlake graniterapids graniterapids-d arrowlake arrowlake-s lunarlake pantherlake bonnell atom silvermont slm goldmont goldmont-plus tremont gracemont sierraforest grandridge clearwaterforest knl knm x86-64 x86-64-v2 x86-64-v3 x86-64-v4 eden-x2 nano nano-1000 nano-2000 nano-3000 nano-x2 eden-x4 nano-x4 lujiazui yongfeng k8 k8-sse3 opteron opteron-sse3 athlon64 athlon64-sse3 athlon-fx amdfam10 barcelona bdver1 bdver2 bdver3 bdver4 znver1 znver2 znver3 znver4 znver5 btver1 btver2 native
    cc1plus: error: bad value 'neoverse-v2' for '-mtune=' switch
    cc1plus: note: valid arguments to '-mtune=' switch are: nocona core2 nehalem corei7 westmere sandybridge corei7-avx ivybridge core-avx-i haswell core-avx2 broadwell skylake skylake-avx512 cannonlake icelake-client rocketlake icelake-server cascadelake tigerlake cooperlake sapphirerapids emeraldrapids alderlake raptorlake meteorlake graniterapids graniterapids-d arrowlake arrowlake-s lunarlake pantherlake bonnell atom silvermont slm goldmont goldmont-plus tremont gracemont sierraforest grandridge clearwaterforest knl knm intel x86-64 eden-x2 nano nano-1000 nano-2000 nano-3000 nano-x2 eden-x4 nano-x4 lujiazui yongfeng k8 k8-sse3 opteron opteron-sse3 athlon64 athlon64-sse3 athlon-fx amdfam10 barcelona bdver1 bdver2 bdver3 bdver4 znver1 znver2 znver3 znver4 znver5 btver1 btver2 generic native
    gmake[1]: *** [CMakeFiles/cmTC_5d8d7.dir/build.make:81: CMakeFiles/cmTC_5d8d7.dir/testCXXCompiler.cxx.o] Error 1
    gmake[1]: Leaving directory '/scratch/ybudanaz/data_must_flow_artifacts/log_implementations/gcc/amd_epyc/.dacecache/log_implementations_dace/build/CMakeFiles/CMakeScratch/TryCompile-Zr041S'
    gmake: *** [Makefile:134: cmTC_5d8d7/fast] Error 2
    
    



  CMake will not be able to correctly generate this project.
Call Stack (most recent call first):
  CMakeLists.txt:3 (project)


-- Configuring incomplete, errors occurred!

Traceback (most recent call last):
  File "/scratch/ybudanaz/dace/dace/codegen/compiler.py", line 224, in configure_and_compile
    _run_liveoutput(cmake_command, shell=True, cwd=build_folder, output_stream=output_stream)
  File "/scratch/ybudanaz/dace/dace/codegen/compiler.py", line 429, in _run_liveoutput
    raise subprocess.CalledProcessError(process.returncode, command, output.getvalue())
subprocess.CalledProcessError: Command 'cmake  "/scratch/ybudanaz/dace/dace/codegen" -DDACE_SRC_DIR="/scratch/ybudanaz/data_must_flow_artifacts/log_implementations/gcc/amd_epyc/.dacecache/log_implementations_dace/src" -DDACE_FILES="cpu/log_implementations_dace.cpp" -DDACE_PROGRAM_NAME=log_implementations_dace -DDACE_ENV_CMAKE_FILES="" -DDACE_ENV_COMPILE_FLAGS="" -DDACE_ENV_INCLUDES="" -DDACE_ENV_LIBRARIES="" -DDACE_ENV_MINIMUM_VERSION=0 -DDACE_ENV_PACKAGES="" -DDACE_ENV_VAR_KEYS="" -DDACE_ENV_VAR_VALUES="" -DCMAKE_CXX_COMPILER="/scratch/ybudanaz/spack/opt/spack/linux-centos8-zen2/gcc-10.2.0/gcc-14.2.0-2ib2x4iccgsxfde5ggfripdsywmm5hxc/bin/g++" -DCMAKE_CXX_FLAGS="-fopenmp -fstrict-aliasing -std=c++17 -faligned-new -fPIC -Wall -Wextra -O3 -march=native -ffast-math -Wno-unused-parameter -Wno-unused-label -march=armv9-a+simd -mcpu=neoverse-v2 -mprefer-vector-width=128" -DDACE_LIBS="" -DCMAKE_BUILD_TYPE=RelWithDebInfo -DCMAKE_SHARED_LINKER_FLAGS="-Wl,--disable-new-dtags"' returned non-zero exit status 1.

During handling of the above exception, another exception occurred:

Traceback (most recent call last):
  File "/scratch/ybudanaz/dace/dace/codegen/compiler.py", line 232, in configure_and_compile
    _run_liveoutput(cmake_command, shell=True, cwd=build_folder, output_stream=output_stream)
  File "/scratch/ybudanaz/dace/dace/codegen/compiler.py", line 429, in _run_liveoutput
    raise subprocess.CalledProcessError(process.returncode, command, output.getvalue())
subprocess.CalledProcessError: Command 'cmake  "/scratch/ybudanaz/dace/dace/codegen" -DDACE_SRC_DIR="/scratch/ybudanaz/data_must_flow_artifacts/log_implementations/gcc/amd_epyc/.dacecache/log_implementations_dace/src" -DDACE_FILES="cpu/log_implementations_dace.cpp" -DDACE_PROGRAM_NAME=log_implementations_dace -DDACE_ENV_CMAKE_FILES="" -DDACE_ENV_COMPILE_FLAGS="" -DDACE_ENV_INCLUDES="" -DDACE_ENV_LIBRARIES="" -DDACE_ENV_MINIMUM_VERSION=0 -DDACE_ENV_PACKAGES="" -DDACE_ENV_VAR_KEYS="" -DDACE_ENV_VAR_VALUES="" -DCMAKE_CXX_COMPILER="/scratch/ybudanaz/spack/opt/spack/linux-centos8-zen2/gcc-10.2.0/gcc-14.2.0-2ib2x4iccgsxfde5ggfripdsywmm5hxc/bin/g++" -DCMAKE_CXX_FLAGS="-fopenmp -fstrict-aliasing -std=c++17 -faligned-new -fPIC -Wall -Wextra -O3 -march=native -ffast-math -Wno-unused-parameter -Wno-unused-label -march=armv9-a+simd -mcpu=neoverse-v2 -mprefer-vector-width=128" -DDACE_LIBS="" -DCMAKE_BUILD_TYPE=RelWithDebInfo -DCMAKE_SHARED_LINKER_FLAGS="-Wl,--disable-new-dtags"' returned non-zero exit status 1.

During handling of the above exception, another exception occurred:

Traceback (most recent call last):
  File "/scratch/ybudanaz/data_must_flow_artifacts/log_implementations/gcc/amd_epyc/benchmark_log_implementations.py", line 265, in <module>
    all_timings["log_implementations_dace", S] = run_sdfg_multiple_times(
                                                 ^^^^^^^^^^^^^^^^^^^^^^^^
  File "/scratch/ybudanaz/data_must_flow_artifacts/log_implementations/gcc/amd_epyc/benchmark_log_implementations.py", line 182, in run_sdfg_multiple_times
    compiled = sdfg.compile()
               ^^^^^^^^^^^^^^
  File "/scratch/ybudanaz/dace/dace/sdfg/sdfg.py", line 2436, in compile
    shared_library = compiler.configure_and_compile(program_folder, sdfg.name)
                     ^^^^^^^^^^^^^^^^^^^^^^^^^^^^^^^^^^^^^^^^^^^^^^^^^^^^^^^^^
  File "/scratch/ybudanaz/dace/dace/codegen/compiler.py", line 238, in configure_and_compile
    raise cgx.CompilerConfigurationError('Configuration failure:\n' + ex.output)
dace.codegen.exceptions.CompilerConfigurationError: Configuration failure:
-- The C compiler identification is GNU 14.2.0
-- The CXX compiler identification is GNU 14.2.0
-- Detecting C compiler ABI info
-- Detecting C compiler ABI info - done
-- Check for working C compiler: /scratch/ybudanaz/spack/opt/spack/linux-centos8-zen2/gcc-10.2.0/gcc-14.2.0-2ib2x4iccgsxfde5ggfripdsywmm5hxc/bin/gcc - skipped
-- Detecting C compile features
-- Detecting C compile features - done
-- Detecting CXX compiler ABI info
-- Detecting CXX compiler ABI info - failed
-- Check for working CXX compiler: /scratch/ybudanaz/spack/opt/spack/linux-centos8-zen2/gcc-10.2.0/gcc-14.2.0-2ib2x4iccgsxfde5ggfripdsywmm5hxc/bin/g++
-- Check for working CXX compiler: /scratch/ybudanaz/spack/opt/spack/linux-centos8-zen2/gcc-10.2.0/gcc-14.2.0-2ib2x4iccgsxfde5ggfripdsywmm5hxc/bin/g++ - broken
CMake Error at /users/ybudanaz/.pyenv/versions/3.12.4/lib/python3.12/site-packages/cmake/data/share/cmake-4.2/Modules/CMakeTestCXXCompiler.cmake:73 (message):
  The C++ compiler
    "/scratch/ybudanaz/spack/opt/spack/linux-centos8-zen2/gcc-10.2.0/gcc-14.2.0-2ib2x4iccgsxfde5ggfripdsywmm5hxc/bin/g++"

  is not able to compile a simple test program.

  It fails with the following output:

    Change Dir: '/scratch/ybudanaz/data_must_flow_artifacts/log_implementations/gcc/amd_epyc/.dacecache/log_implementations_dace/build/CMakeFiles/CMakeScratch/TryCompile-QuJoNg'
    
    Run Build Command(s): /users/ybudanaz/.pyenv/versions/3.12.4/lib/python3.12/site-packages/cmake/data/bin/cmake -E env VERBOSE=1 /scratch/ybudanaz/spack/opt/spack/linux-centos8-zen2/gcc-10.2.0/gmake-4.4.1-gpmelukr7tfcxmwv3tlwazj6jelsyke6/bin/gmake -f Makefile cmTC_c9f8f/fast
    /scratch/ybudanaz/spack/opt/spack/linux-centos8-zen2/gcc-10.2.0/gmake-4.4.1-gpmelukr7tfcxmwv3tlwazj6jelsyke6/bin/gmake  -f CMakeFiles/cmTC_c9f8f.dir/build.make CMakeFiles/cmTC_c9f8f.dir/build
    gmake[1]: Entering directory '/scratch/ybudanaz/data_must_flow_artifacts/log_implementations/gcc/amd_epyc/.dacecache/log_implementations_dace/build/CMakeFiles/CMakeScratch/TryCompile-QuJoNg'
    Building CXX object CMakeFiles/cmTC_c9f8f.dir/testCXXCompiler.cxx.o
    /scratch/ybudanaz/spack/opt/spack/linux-centos8-zen2/gcc-10.2.0/gcc-14.2.0-2ib2x4iccgsxfde5ggfripdsywmm5hxc/bin/g++   -fopenmp -fstrict-aliasing -std=c++17 -faligned-new -fPIC -Wall -Wextra -O3 -march=native -ffast-math -Wno-unused-parameter -Wno-unused-label -march=armv9-a+simd -mcpu=neoverse-v2 -mprefer-vector-width=128  -o CMakeFiles/cmTC_c9f8f.dir/testCXXCompiler.cxx.o -c /scratch/ybudanaz/data_must_flow_artifacts/log_implementations/gcc/amd_epyc/.dacecache/log_implementations_dace/build/CMakeFiles/CMakeScratch/TryCompile-QuJoNg/testCXXCompiler.cxx
    g++: warning: '-mcpu=' is deprecated; use '-mtune=' or '-march=' instead
    cc1plus: error: bad value 'armv9-a+simd' for '-march=' switch
    cc1plus: note: valid arguments to '-march=' switch are: nocona core2 nehalem corei7 westmere sandybridge corei7-avx ivybridge core-avx-i haswell core-avx2 broadwell skylake skylake-avx512 cannonlake icelake-client rocketlake icelake-server cascadelake tigerlake cooperlake sapphirerapids emeraldrapids alderlake raptorlake meteorlake graniterapids graniterapids-d arrowlake arrowlake-s lunarlake pantherlake bonnell atom silvermont slm goldmont goldmont-plus tremont gracemont sierraforest grandridge clearwaterforest knl knm x86-64 x86-64-v2 x86-64-v3 x86-64-v4 eden-x2 nano nano-1000 nano-2000 nano-3000 nano-x2 eden-x4 nano-x4 lujiazui yongfeng k8 k8-sse3 opteron opteron-sse3 athlon64 athlon64-sse3 athlon-fx amdfam10 barcelona bdver1 bdver2 bdver3 bdver4 znver1 znver2 znver3 znver4 znver5 btver1 btver2 native
    cc1plus: error: bad value 'neoverse-v2' for '-mtune=' switch
    cc1plus: note: valid arguments to '-mtune=' switch are: nocona core2 nehalem corei7 westmere sandybridge corei7-avx ivybridge core-avx-i haswell core-avx2 broadwell skylake skylake-avx512 cannonlake icelake-client rocketlake icelake-server cascadelake tigerlake cooperlake sapphirerapids emeraldrapids alderlake raptorlake meteorlake graniterapids graniterapids-d arrowlake arrowlake-s lunarlake pantherlake bonnell atom silvermont slm goldmont goldmont-plus tremont gracemont sierraforest grandridge clearwaterforest knl knm intel x86-64 eden-x2 nano nano-1000 nano-2000 nano-3000 nano-x2 eden-x4 nano-x4 lujiazui yongfeng k8 k8-sse3 opteron opteron-sse3 athlon64 athlon64-sse3 athlon-fx amdfam10 barcelona bdver1 bdver2 bdver3 bdver4 znver1 znver2 znver3 znver4 znver5 btver1 btver2 generic native
    gmake[1]: *** [CMakeFiles/cmTC_c9f8f.dir/build.make:81: CMakeFiles/cmTC_c9f8f.dir/testCXXCompiler.cxx.o] Error 1
    gmake[1]: Leaving directory '/scratch/ybudanaz/data_must_flow_artifacts/log_implementations/gcc/amd_epyc/.dacecache/log_implementations_dace/build/CMakeFiles/CMakeScratch/TryCompile-QuJoNg'
    gmake: *** [Makefile:134: cmTC_c9f8f/fast] Error 2
    
    



  CMake will not be able to correctly generate this project.
Call Stack (most recent call first):
  CMakeLists.txt:3 (project)


-- Configuring incomplete, errors occurred!

Traceback (most recent call last):
  File "/scratch/ybudanaz/dace/dace/codegen/compiler.py", line 224, in configure_and_compile
    _run_liveoutput(cmake_command, shell=True, cwd=build_folder, output_stream=output_stream)
  File "/scratch/ybudanaz/dace/dace/codegen/compiler.py", line 429, in _run_liveoutput
    raise subprocess.CalledProcessError(process.returncode, command, output.getvalue())
subprocess.CalledProcessError: Command 'cmake  "/scratch/ybudanaz/dace/dace/codegen" -DDACE_SRC_DIR="/scratch/ybudanaz/data_must_flow_artifacts/log_implementations/gcc/amd_epyc/.dacecache/log_implementations_dace/src" -DDACE_FILES="cpu/log_implementations_dace.cpp" -DDACE_PROGRAM_NAME=log_implementations_dace -DDACE_ENV_CMAKE_FILES="" -DDACE_ENV_COMPILE_FLAGS="" -DDACE_ENV_INCLUDES="" -DDACE_ENV_LIBRARIES="" -DDACE_ENV_MINIMUM_VERSION=0 -DDACE_ENV_PACKAGES="" -DDACE_ENV_VAR_KEYS="" -DDACE_ENV_VAR_VALUES="" -DCMAKE_CXX_COMPILER="/scratch/ybudanaz/spack/opt/spack/linux-centos8-zen2/gcc-10.2.0/gcc-14.2.0-2ib2x4iccgsxfde5ggfripdsywmm5hxc/bin/g++" -DCMAKE_CXX_FLAGS="-fopenmp -fstrict-aliasing -std=c++17 -faligned-new -fPIC -Wall -Wextra -O3 -march=native -ffast-math -Wno-unused-parameter -Wno-unused-label -march=armv9-a+sve2 -no-simd -mcpu=neoverse-v2" -DDACE_LIBS="" -DCMAKE_BUILD_TYPE=RelWithDebInfo -DCMAKE_SHARED_LINKER_FLAGS="-Wl,--disable-new-dtags"' returned non-zero exit status 1.

During handling of the above exception, another exception occurred:

Traceback (most recent call last):
  File "/scratch/ybudanaz/dace/dace/codegen/compiler.py", line 232, in configure_and_compile
    _run_liveoutput(cmake_command, shell=True, cwd=build_folder, output_stream=output_stream)
  File "/scratch/ybudanaz/dace/dace/codegen/compiler.py", line 429, in _run_liveoutput
    raise subprocess.CalledProcessError(process.returncode, command, output.getvalue())
subprocess.CalledProcessError: Command 'cmake  "/scratch/ybudanaz/dace/dace/codegen" -DDACE_SRC_DIR="/scratch/ybudanaz/data_must_flow_artifacts/log_implementations/gcc/amd_epyc/.dacecache/log_implementations_dace/src" -DDACE_FILES="cpu/log_implementations_dace.cpp" -DDACE_PROGRAM_NAME=log_implementations_dace -DDACE_ENV_CMAKE_FILES="" -DDACE_ENV_COMPILE_FLAGS="" -DDACE_ENV_INCLUDES="" -DDACE_ENV_LIBRARIES="" -DDACE_ENV_MINIMUM_VERSION=0 -DDACE_ENV_PACKAGES="" -DDACE_ENV_VAR_KEYS="" -DDACE_ENV_VAR_VALUES="" -DCMAKE_CXX_COMPILER="/scratch/ybudanaz/spack/opt/spack/linux-centos8-zen2/gcc-10.2.0/gcc-14.2.0-2ib2x4iccgsxfde5ggfripdsywmm5hxc/bin/g++" -DCMAKE_CXX_FLAGS="-fopenmp -fstrict-aliasing -std=c++17 -faligned-new -fPIC -Wall -Wextra -O3 -march=native -ffast-math -Wno-unused-parameter -Wno-unused-label -march=armv9-a+sve2 -no-simd -mcpu=neoverse-v2" -DDACE_LIBS="" -DCMAKE_BUILD_TYPE=RelWithDebInfo -DCMAKE_SHARED_LINKER_FLAGS="-Wl,--disable-new-dtags"' returned non-zero exit status 1.

During handling of the above exception, another exception occurred:

Traceback (most recent call last):
  File "/scratch/ybudanaz/data_must_flow_artifacts/log_implementations/gcc/amd_epyc/benchmark_log_implementations.py", line 265, in <module>
    all_timings["log_implementations_dace", S] = run_sdfg_multiple_times(
                                                 ^^^^^^^^^^^^^^^^^^^^^^^^
  File "/scratch/ybudanaz/data_must_flow_artifacts/log_implementations/gcc/amd_epyc/benchmark_log_implementations.py", line 182, in run_sdfg_multiple_times
    compiled = sdfg.compile()
               ^^^^^^^^^^^^^^
  File "/scratch/ybudanaz/dace/dace/sdfg/sdfg.py", line 2436, in compile
    shared_library = compiler.configure_and_compile(program_folder, sdfg.name)
                     ^^^^^^^^^^^^^^^^^^^^^^^^^^^^^^^^^^^^^^^^^^^^^^^^^^^^^^^^^
  File "/scratch/ybudanaz/dace/dace/codegen/compiler.py", line 238, in configure_and_compile
    raise cgx.CompilerConfigurationError('Configuration failure:\n' + ex.output)
dace.codegen.exceptions.CompilerConfigurationError: Configuration failure:
-- The C compiler identification is GNU 14.2.0
-- The CXX compiler identification is GNU 14.2.0
-- Detecting C compiler ABI info
-- Detecting C compiler ABI info - done
-- Check for working C compiler: /scratch/ybudanaz/spack/opt/spack/linux-centos8-zen2/gcc-10.2.0/gcc-14.2.0-2ib2x4iccgsxfde5ggfripdsywmm5hxc/bin/gcc - skipped
-- Detecting C compile features
-- Detecting C compile features - done
-- Detecting CXX compiler ABI info
-- Detecting CXX compiler ABI info - failed
-- Check for working CXX compiler: /scratch/ybudanaz/spack/opt/spack/linux-centos8-zen2/gcc-10.2.0/gcc-14.2.0-2ib2x4iccgsxfde5ggfripdsywmm5hxc/bin/g++
-- Check for working CXX compiler: /scratch/ybudanaz/spack/opt/spack/linux-centos8-zen2/gcc-10.2.0/gcc-14.2.0-2ib2x4iccgsxfde5ggfripdsywmm5hxc/bin/g++ - broken
CMake Error at /users/ybudanaz/.pyenv/versions/3.12.4/lib/python3.12/site-packages/cmake/data/share/cmake-4.2/Modules/CMakeTestCXXCompiler.cmake:73 (message):
  The C++ compiler
    "/scratch/ybudanaz/spack/opt/spack/linux-centos8-zen2/gcc-10.2.0/gcc-14.2.0-2ib2x4iccgsxfde5ggfripdsywmm5hxc/bin/g++"

  is not able to compile a simple test program.

  It fails with the following output:

    Change Dir: '/scratch/ybudanaz/data_must_flow_artifacts/log_implementations/gcc/amd_epyc/.dacecache/log_implementations_dace/build/CMakeFiles/CMakeScratch/TryCompile-AmLpMx'
    
    Run Build Command(s): /users/ybudanaz/.pyenv/versions/3.12.4/lib/python3.12/site-packages/cmake/data/bin/cmake -E env VERBOSE=1 /scratch/ybudanaz/spack/opt/spack/linux-centos8-zen2/gcc-10.2.0/gmake-4.4.1-gpmelukr7tfcxmwv3tlwazj6jelsyke6/bin/gmake -f Makefile cmTC_0fa6a/fast
    /scratch/ybudanaz/spack/opt/spack/linux-centos8-zen2/gcc-10.2.0/gmake-4.4.1-gpmelukr7tfcxmwv3tlwazj6jelsyke6/bin/gmake  -f CMakeFiles/cmTC_0fa6a.dir/build.make CMakeFiles/cmTC_0fa6a.dir/build
    gmake[1]: Entering directory '/scratch/ybudanaz/data_must_flow_artifacts/log_implementations/gcc/amd_epyc/.dacecache/log_implementations_dace/build/CMakeFiles/CMakeScratch/TryCompile-AmLpMx'
    Building CXX object CMakeFiles/cmTC_0fa6a.dir/testCXXCompiler.cxx.o
    /scratch/ybudanaz/spack/opt/spack/linux-centos8-zen2/gcc-10.2.0/gcc-14.2.0-2ib2x4iccgsxfde5ggfripdsywmm5hxc/bin/g++   -fopenmp -fstrict-aliasing -std=c++17 -faligned-new -fPIC -Wall -Wextra -O3 -march=native -ffast-math -Wno-unused-parameter -Wno-unused-label -march=armv9-a+sve2 -no-simd -mcpu=neoverse-v2  -o CMakeFiles/cmTC_0fa6a.dir/testCXXCompiler.cxx.o -c /scratch/ybudanaz/data_must_flow_artifacts/log_implementations/gcc/amd_epyc/.dacecache/log_implementations_dace/build/CMakeFiles/CMakeScratch/TryCompile-AmLpMx/testCXXCompiler.cxx
    g++: warning: '-mcpu=' is deprecated; use '-mtune=' or '-march=' instead
    g++: error: unrecognized command-line option '-no-simd'
    gmake[1]: *** [CMakeFiles/cmTC_0fa6a.dir/build.make:81: CMakeFiles/cmTC_0fa6a.dir/testCXXCompiler.cxx.o] Error 1
    gmake[1]: Leaving directory '/scratch/ybudanaz/data_must_flow_artifacts/log_implementations/gcc/amd_epyc/.dacecache/log_implementations_dace/build/CMakeFiles/CMakeScratch/TryCompile-AmLpMx'
    gmake: *** [Makefile:134: cmTC_0fa6a/fast] Error 2
    
    



  CMake will not be able to correctly generate this project.
Call Stack (most recent call first):
  CMakeLists.txt:3 (project)


-- Configuring incomplete, errors occurred!

Traceback (most recent call last):
  File "/scratch/ybudanaz/dace/dace/codegen/compiler.py", line 224, in configure_and_compile
    _run_liveoutput(cmake_command, shell=True, cwd=build_folder, output_stream=output_stream)
  File "/scratch/ybudanaz/dace/dace/codegen/compiler.py", line 429, in _run_liveoutput
    raise subprocess.CalledProcessError(process.returncode, command, output.getvalue())
subprocess.CalledProcessError: Command 'cmake  "/scratch/ybudanaz/dace/dace/codegen" -DDACE_SRC_DIR="/scratch/ybudanaz/data_must_flow_artifacts/log_implementations/gcc/amd_epyc/.dacecache/log_implementations_dace/src" -DDACE_FILES="cpu/log_implementations_dace.cpp" -DDACE_PROGRAM_NAME=log_implementations_dace -DDACE_ENV_CMAKE_FILES="" -DDACE_ENV_COMPILE_FLAGS="" -DDACE_ENV_INCLUDES="" -DDACE_ENV_LIBRARIES="" -DDACE_ENV_MINIMUM_VERSION=0 -DDACE_ENV_PACKAGES="" -DDACE_ENV_VAR_KEYS="" -DDACE_ENV_VAR_VALUES="" -DCMAKE_CXX_COMPILER="/scratch/ybudanaz/spack/opt/spack/linux-centos8-zen2/gcc-10.2.0/gcc-14.2.0-2ib2x4iccgsxfde5ggfripdsywmm5hxc/bin/g++" -DCMAKE_CXX_FLAGS="-fopenmp -fstrict-aliasing -std=c++17 -faligned-new -fPIC -Wall -Wextra -O3 -march=native -ffast-math -Wno-unused-parameter -Wno-unused-label -march=armv9-a -mcpu=neoverse-v2 -fno-tree-vectorize -fno-tree-slp-vectorize" -DDACE_LIBS="" -DCMAKE_BUILD_TYPE=RelWithDebInfo -DCMAKE_SHARED_LINKER_FLAGS="-Wl,--disable-new-dtags"' returned non-zero exit status 1.

During handling of the above exception, another exception occurred:

Traceback (most recent call last):
  File "/scratch/ybudanaz/dace/dace/codegen/compiler.py", line 232, in configure_and_compile
    _run_liveoutput(cmake_command, shell=True, cwd=build_folder, output_stream=output_stream)
  File "/scratch/ybudanaz/dace/dace/codegen/compiler.py", line 429, in _run_liveoutput
    raise subprocess.CalledProcessError(process.returncode, command, output.getvalue())
subprocess.CalledProcessError: Command 'cmake  "/scratch/ybudanaz/dace/dace/codegen" -DDACE_SRC_DIR="/scratch/ybudanaz/data_must_flow_artifacts/log_implementations/gcc/amd_epyc/.dacecache/log_implementations_dace/src" -DDACE_FILES="cpu/log_implementations_dace.cpp" -DDACE_PROGRAM_NAME=log_implementations_dace -DDACE_ENV_CMAKE_FILES="" -DDACE_ENV_COMPILE_FLAGS="" -DDACE_ENV_INCLUDES="" -DDACE_ENV_LIBRARIES="" -DDACE_ENV_MINIMUM_VERSION=0 -DDACE_ENV_PACKAGES="" -DDACE_ENV_VAR_KEYS="" -DDACE_ENV_VAR_VALUES="" -DCMAKE_CXX_COMPILER="/scratch/ybudanaz/spack/opt/spack/linux-centos8-zen2/gcc-10.2.0/gcc-14.2.0-2ib2x4iccgsxfde5ggfripdsywmm5hxc/bin/g++" -DCMAKE_CXX_FLAGS="-fopenmp -fstrict-aliasing -std=c++17 -faligned-new -fPIC -Wall -Wextra -O3 -march=native -ffast-math -Wno-unused-parameter -Wno-unused-label -march=armv9-a -mcpu=neoverse-v2 -fno-tree-vectorize -fno-tree-slp-vectorize" -DDACE_LIBS="" -DCMAKE_BUILD_TYPE=RelWithDebInfo -DCMAKE_SHARED_LINKER_FLAGS="-Wl,--disable-new-dtags"' returned non-zero exit status 1.

During handling of the above exception, another exception occurred:

Traceback (most recent call last):
  File "/scratch/ybudanaz/data_must_flow_artifacts/log_implementations/gcc/amd_epyc/benchmark_log_implementations.py", line 265, in <module>
    all_timings["log_implementations_dace", S] = run_sdfg_multiple_times(
                                                 ^^^^^^^^^^^^^^^^^^^^^^^^
  File "/scratch/ybudanaz/data_must_flow_artifacts/log_implementations/gcc/amd_epyc/benchmark_log_implementations.py", line 182, in run_sdfg_multiple_times
    compiled = sdfg.compile()
               ^^^^^^^^^^^^^^
  File "/scratch/ybudanaz/dace/dace/sdfg/sdfg.py", line 2436, in compile
    shared_library = compiler.configure_and_compile(program_folder, sdfg.name)
                     ^^^^^^^^^^^^^^^^^^^^^^^^^^^^^^^^^^^^^^^^^^^^^^^^^^^^^^^^^
  File "/scratch/ybudanaz/dace/dace/codegen/compiler.py", line 238, in configure_and_compile
    raise cgx.CompilerConfigurationError('Configuration failure:\n' + ex.output)
dace.codegen.exceptions.CompilerConfigurationError: Configuration failure:
-- The C compiler identification is GNU 14.2.0
-- The CXX compiler identification is GNU 14.2.0
-- Detecting C compiler ABI info
-- Detecting C compiler ABI info - done
-- Check for working C compiler: /scratch/ybudanaz/spack/opt/spack/linux-centos8-zen2/gcc-10.2.0/gcc-14.2.0-2ib2x4iccgsxfde5ggfripdsywmm5hxc/bin/gcc - skipped
-- Detecting C compile features
-- Detecting C compile features - done
-- Detecting CXX compiler ABI info
-- Detecting CXX compiler ABI info - failed
-- Check for working CXX compiler: /scratch/ybudanaz/spack/opt/spack/linux-centos8-zen2/gcc-10.2.0/gcc-14.2.0-2ib2x4iccgsxfde5ggfripdsywmm5hxc/bin/g++
-- Check for working CXX compiler: /scratch/ybudanaz/spack/opt/spack/linux-centos8-zen2/gcc-10.2.0/gcc-14.2.0-2ib2x4iccgsxfde5ggfripdsywmm5hxc/bin/g++ - broken
CMake Error at /users/ybudanaz/.pyenv/versions/3.12.4/lib/python3.12/site-packages/cmake/data/share/cmake-4.2/Modules/CMakeTestCXXCompiler.cmake:73 (message):
  The C++ compiler
    "/scratch/ybudanaz/spack/opt/spack/linux-centos8-zen2/gcc-10.2.0/gcc-14.2.0-2ib2x4iccgsxfde5ggfripdsywmm5hxc/bin/g++"

  is not able to compile a simple test program.

  It fails with the following output:

    Change Dir: '/scratch/ybudanaz/data_must_flow_artifacts/log_implementations/gcc/amd_epyc/.dacecache/log_implementations_dace/build/CMakeFiles/CMakeScratch/TryCompile-znF4jF'
    
    Run Build Command(s): /users/ybudanaz/.pyenv/versions/3.12.4/lib/python3.12/site-packages/cmake/data/bin/cmake -E env VERBOSE=1 /scratch/ybudanaz/spack/opt/spack/linux-centos8-zen2/gcc-10.2.0/gmake-4.4.1-gpmelukr7tfcxmwv3tlwazj6jelsyke6/bin/gmake -f Makefile cmTC_e7567/fast
    /scratch/ybudanaz/spack/opt/spack/linux-centos8-zen2/gcc-10.2.0/gmake-4.4.1-gpmelukr7tfcxmwv3tlwazj6jelsyke6/bin/gmake  -f CMakeFiles/cmTC_e7567.dir/build.make CMakeFiles/cmTC_e7567.dir/build
    gmake[1]: Entering directory '/scratch/ybudanaz/data_must_flow_artifacts/log_implementations/gcc/amd_epyc/.dacecache/log_implementations_dace/build/CMakeFiles/CMakeScratch/TryCompile-znF4jF'
    Building CXX object CMakeFiles/cmTC_e7567.dir/testCXXCompiler.cxx.o
    /scratch/ybudanaz/spack/opt/spack/linux-centos8-zen2/gcc-10.2.0/gcc-14.2.0-2ib2x4iccgsxfde5ggfripdsywmm5hxc/bin/g++   -fopenmp -fstrict-aliasing -std=c++17 -faligned-new -fPIC -Wall -Wextra -O3 -march=native -ffast-math -Wno-unused-parameter -Wno-unused-label -march=armv9-a -mcpu=neoverse-v2 -fno-tree-vectorize -fno-tree-slp-vectorize  -o CMakeFiles/cmTC_e7567.dir/testCXXCompiler.cxx.o -c /scratch/ybudanaz/data_must_flow_artifacts/log_implementations/gcc/amd_epyc/.dacecache/log_implementations_dace/build/CMakeFiles/CMakeScratch/TryCompile-znF4jF/testCXXCompiler.cxx
    g++: warning: '-mcpu=' is deprecated; use '-mtune=' or '-march=' instead
    cc1plus: error: bad value 'armv9-a' for '-march=' switch
    cc1plus: note: valid arguments to '-march=' switch are: nocona core2 nehalem corei7 westmere sandybridge corei7-avx ivybridge core-avx-i haswell core-avx2 broadwell skylake skylake-avx512 cannonlake icelake-client rocketlake icelake-server cascadelake tigerlake cooperlake sapphirerapids emeraldrapids alderlake raptorlake meteorlake graniterapids graniterapids-d arrowlake arrowlake-s lunarlake pantherlake bonnell atom silvermont slm goldmont goldmont-plus tremont gracemont sierraforest grandridge clearwaterforest knl knm x86-64 x86-64-v2 x86-64-v3 x86-64-v4 eden-x2 nano nano-1000 nano-2000 nano-3000 nano-x2 eden-x4 nano-x4 lujiazui yongfeng k8 k8-sse3 opteron opteron-sse3 athlon64 athlon64-sse3 athlon-fx amdfam10 barcelona bdver1 bdver2 bdver3 bdver4 znver1 znver2 znver3 znver4 znver5 btver1 btver2 native
    cc1plus: error: bad value 'neoverse-v2' for '-mtune=' switch
    cc1plus: note: valid arguments to '-mtune=' switch are: nocona core2 nehalem corei7 westmere sandybridge corei7-avx ivybridge core-avx-i haswell core-avx2 broadwell skylake skylake-avx512 cannonlake icelake-client rocketlake icelake-server cascadelake tigerlake cooperlake sapphirerapids emeraldrapids alderlake raptorlake meteorlake graniterapids graniterapids-d arrowlake arrowlake-s lunarlake pantherlake bonnell atom silvermont slm goldmont goldmont-plus tremont gracemont sierraforest grandridge clearwaterforest knl knm intel x86-64 eden-x2 nano nano-1000 nano-2000 nano-3000 nano-x2 eden-x4 nano-x4 lujiazui yongfeng k8 k8-sse3 opteron opteron-sse3 athlon64 athlon64-sse3 athlon-fx amdfam10 barcelona bdver1 bdver2 bdver3 bdver4 znver1 znver2 znver3 znver4 znver5 btver1 btver2 generic native
    gmake[1]: *** [CMakeFiles/cmTC_e7567.dir/build.make:81: CMakeFiles/cmTC_e7567.dir/testCXXCompiler.cxx.o] Error 1
    gmake[1]: Leaving directory '/scratch/ybudanaz/data_must_flow_artifacts/log_implementations/gcc/amd_epyc/.dacecache/log_implementations_dace/build/CMakeFiles/CMakeScratch/TryCompile-znF4jF'
    gmake: *** [Makefile:134: cmTC_e7567/fast] Error 2
    
    



  CMake will not be able to correctly generate this project.
Call Stack (most recent call first):
  CMakeLists.txt:3 (project)


-- Configuring incomplete, errors occurred!

Traceback (most recent call last):
  File "/scratch/ybudanaz/dace/dace/codegen/compiler.py", line 224, in configure_and_compile
    _run_liveoutput(cmake_command, shell=True, cwd=build_folder, output_stream=output_stream)
  File "/scratch/ybudanaz/dace/dace/codegen/compiler.py", line 429, in _run_liveoutput
    raise subprocess.CalledProcessError(process.returncode, command, output.getvalue())
subprocess.CalledProcessError: Command 'cmake  "/scratch/ybudanaz/dace/dace/codegen" -DDACE_SRC_DIR="/scratch/ybudanaz/data_must_flow_artifacts/log_implementations/gcc/amd_epyc/.dacecache/log_implementations_dace/src" -DDACE_FILES="cpu/log_implementations_dace.cpp" -DDACE_PROGRAM_NAME=log_implementations_dace -DDACE_ENV_CMAKE_FILES="" -DDACE_ENV_COMPILE_FLAGS="" -DDACE_ENV_INCLUDES="" -DDACE_ENV_LIBRARIES="" -DDACE_ENV_MINIMUM_VERSION=0 -DDACE_ENV_PACKAGES="" -DDACE_ENV_VAR_KEYS="" -DDACE_ENV_VAR_VALUES="" -DCMAKE_CXX_COMPILER="/scratch/ybudanaz/spack/opt/spack/linux-centos8-zen2/gcc-10.2.0/gcc-14.2.0-2ib2x4iccgsxfde5ggfripdsywmm5hxc/bin/g++" -DCMAKE_CXX_FLAGS="-fopenmp -fstrict-aliasing -std=c++17 -faligned-new -fPIC -Wall -Wextra -O3 -march=native -ffast-math -Wno-unused-parameter -Wno-unused-label -march=armv9-a+sve2 -mcpu=neoverse-v2" -DDACE_LIBS="" -DCMAKE_BUILD_TYPE=RelWithDebInfo -DCMAKE_SHARED_LINKER_FLAGS="-Wl,--disable-new-dtags"' returned non-zero exit status 1.

During handling of the above exception, another exception occurred:

Traceback (most recent call last):
  File "/scratch/ybudanaz/dace/dace/codegen/compiler.py", line 232, in configure_and_compile
    _run_liveoutput(cmake_command, shell=True, cwd=build_folder, output_stream=output_stream)
  File "/scratch/ybudanaz/dace/dace/codegen/compiler.py", line 429, in _run_liveoutput
    raise subprocess.CalledProcessError(process.returncode, command, output.getvalue())
subprocess.CalledProcessError: Command 'cmake  "/scratch/ybudanaz/dace/dace/codegen" -DDACE_SRC_DIR="/scratch/ybudanaz/data_must_flow_artifacts/log_implementations/gcc/amd_epyc/.dacecache/log_implementations_dace/src" -DDACE_FILES="cpu/log_implementations_dace.cpp" -DDACE_PROGRAM_NAME=log_implementations_dace -DDACE_ENV_CMAKE_FILES="" -DDACE_ENV_COMPILE_FLAGS="" -DDACE_ENV_INCLUDES="" -DDACE_ENV_LIBRARIES="" -DDACE_ENV_MINIMUM_VERSION=0 -DDACE_ENV_PACKAGES="" -DDACE_ENV_VAR_KEYS="" -DDACE_ENV_VAR_VALUES="" -DCMAKE_CXX_COMPILER="/scratch/ybudanaz/spack/opt/spack/linux-centos8-zen2/gcc-10.2.0/gcc-14.2.0-2ib2x4iccgsxfde5ggfripdsywmm5hxc/bin/g++" -DCMAKE_CXX_FLAGS="-fopenmp -fstrict-aliasing -std=c++17 -faligned-new -fPIC -Wall -Wextra -O3 -march=native -ffast-math -Wno-unused-parameter -Wno-unused-label -march=armv9-a+sve2 -mcpu=neoverse-v2" -DDACE_LIBS="" -DCMAKE_BUILD_TYPE=RelWithDebInfo -DCMAKE_SHARED_LINKER_FLAGS="-Wl,--disable-new-dtags"' returned non-zero exit status 1.

During handling of the above exception, another exception occurred:

Traceback (most recent call last):
  File "/scratch/ybudanaz/data_must_flow_artifacts/log_implementations/gcc/amd_epyc/benchmark_log_implementations.py", line 265, in <module>
    all_timings["log_implementations_dace", S] = run_sdfg_multiple_times(
                                                 ^^^^^^^^^^^^^^^^^^^^^^^^
  File "/scratch/ybudanaz/data_must_flow_artifacts/log_implementations/gcc/amd_epyc/benchmark_log_implementations.py", line 182, in run_sdfg_multiple_times
    compiled = sdfg.compile()
               ^^^^^^^^^^^^^^
  File "/scratch/ybudanaz/dace/dace/sdfg/sdfg.py", line 2436, in compile
    shared_library = compiler.configure_and_compile(program_folder, sdfg.name)
                     ^^^^^^^^^^^^^^^^^^^^^^^^^^^^^^^^^^^^^^^^^^^^^^^^^^^^^^^^^
  File "/scratch/ybudanaz/dace/dace/codegen/compiler.py", line 238, in configure_and_compile
    raise cgx.CompilerConfigurationError('Configuration failure:\n' + ex.output)
dace.codegen.exceptions.CompilerConfigurationError: Configuration failure:
-- The C compiler identification is GNU 14.2.0
-- The CXX compiler identification is GNU 14.2.0
-- Detecting C compiler ABI info
-- Detecting C compiler ABI info - done
-- Check for working C compiler: /scratch/ybudanaz/spack/opt/spack/linux-centos8-zen2/gcc-10.2.0/gcc-14.2.0-2ib2x4iccgsxfde5ggfripdsywmm5hxc/bin/gcc - skipped
-- Detecting C compile features
-- Detecting C compile features - done
-- Detecting CXX compiler ABI info
-- Detecting CXX compiler ABI info - failed
-- Check for working CXX compiler: /scratch/ybudanaz/spack/opt/spack/linux-centos8-zen2/gcc-10.2.0/gcc-14.2.0-2ib2x4iccgsxfde5ggfripdsywmm5hxc/bin/g++
-- Check for working CXX compiler: /scratch/ybudanaz/spack/opt/spack/linux-centos8-zen2/gcc-10.2.0/gcc-14.2.0-2ib2x4iccgsxfde5ggfripdsywmm5hxc/bin/g++ - broken
CMake Error at /users/ybudanaz/.pyenv/versions/3.12.4/lib/python3.12/site-packages/cmake/data/share/cmake-4.2/Modules/CMakeTestCXXCompiler.cmake:73 (message):
  The C++ compiler
    "/scratch/ybudanaz/spack/opt/spack/linux-centos8-zen2/gcc-10.2.0/gcc-14.2.0-2ib2x4iccgsxfde5ggfripdsywmm5hxc/bin/g++"

  is not able to compile a simple test program.

  It fails with the following output:

    Change Dir: '/scratch/ybudanaz/data_must_flow_artifacts/log_implementations/gcc/amd_epyc/.dacecache/log_implementations_dace/build/CMakeFiles/CMakeScratch/TryCompile-1NYNCq'
    
    Run Build Command(s): /users/ybudanaz/.pyenv/versions/3.12.4/lib/python3.12/site-packages/cmake/data/bin/cmake -E env VERBOSE=1 /scratch/ybudanaz/spack/opt/spack/linux-centos8-zen2/gcc-10.2.0/gmake-4.4.1-gpmelukr7tfcxmwv3tlwazj6jelsyke6/bin/gmake -f Makefile cmTC_cda73/fast
    /scratch/ybudanaz/spack/opt/spack/linux-centos8-zen2/gcc-10.2.0/gmake-4.4.1-gpmelukr7tfcxmwv3tlwazj6jelsyke6/bin/gmake  -f CMakeFiles/cmTC_cda73.dir/build.make CMakeFiles/cmTC_cda73.dir/build
    gmake[1]: Entering directory '/scratch/ybudanaz/data_must_flow_artifacts/log_implementations/gcc/amd_epyc/.dacecache/log_implementations_dace/build/CMakeFiles/CMakeScratch/TryCompile-1NYNCq'
    Building CXX object CMakeFiles/cmTC_cda73.dir/testCXXCompiler.cxx.o
    /scratch/ybudanaz/spack/opt/spack/linux-centos8-zen2/gcc-10.2.0/gcc-14.2.0-2ib2x4iccgsxfde5ggfripdsywmm5hxc/bin/g++   -fopenmp -fstrict-aliasing -std=c++17 -faligned-new -fPIC -Wall -Wextra -O3 -march=native -ffast-math -Wno-unused-parameter -Wno-unused-label -march=armv9-a+sve2 -mcpu=neoverse-v2  -o CMakeFiles/cmTC_cda73.dir/testCXXCompiler.cxx.o -c /scratch/ybudanaz/data_must_flow_artifacts/log_implementations/gcc/amd_epyc/.dacecache/log_implementations_dace/build/CMakeFiles/CMakeScratch/TryCompile-1NYNCq/testCXXCompiler.cxx
    g++: warning: '-mcpu=' is deprecated; use '-mtune=' or '-march=' instead
    cc1plus: error: bad value 'armv9-a+sve2' for '-march=' switch
    cc1plus: note: valid arguments to '-march=' switch are: nocona core2 nehalem corei7 westmere sandybridge corei7-avx ivybridge core-avx-i haswell core-avx2 broadwell skylake skylake-avx512 cannonlake icelake-client rocketlake icelake-server cascadelake tigerlake cooperlake sapphirerapids emeraldrapids alderlake raptorlake meteorlake graniterapids graniterapids-d arrowlake arrowlake-s lunarlake pantherlake bonnell atom silvermont slm goldmont goldmont-plus tremont gracemont sierraforest grandridge clearwaterforest knl knm x86-64 x86-64-v2 x86-64-v3 x86-64-v4 eden-x2 nano nano-1000 nano-2000 nano-3000 nano-x2 eden-x4 nano-x4 lujiazui yongfeng k8 k8-sse3 opteron opteron-sse3 athlon64 athlon64-sse3 athlon-fx amdfam10 barcelona bdver1 bdver2 bdver3 bdver4 znver1 znver2 znver3 znver4 znver5 btver1 btver2 native
    cc1plus: error: bad value 'neoverse-v2' for '-mtune=' switch
    cc1plus: note: valid arguments to '-mtune=' switch are: nocona core2 nehalem corei7 westmere sandybridge corei7-avx ivybridge core-avx-i haswell core-avx2 broadwell skylake skylake-avx512 cannonlake icelake-client rocketlake icelake-server cascadelake tigerlake cooperlake sapphirerapids emeraldrapids alderlake raptorlake meteorlake graniterapids graniterapids-d arrowlake arrowlake-s lunarlake pantherlake bonnell atom silvermont slm goldmont goldmont-plus tremont gracemont sierraforest grandridge clearwaterforest knl knm intel x86-64 eden-x2 nano nano-1000 nano-2000 nano-3000 nano-x2 eden-x4 nano-x4 lujiazui yongfeng k8 k8-sse3 opteron opteron-sse3 athlon64 athlon64-sse3 athlon-fx amdfam10 barcelona bdver1 bdver2 bdver3 bdver4 znver1 znver2 znver3 znver4 znver5 btver1 btver2 generic native
    gmake[1]: *** [CMakeFiles/cmTC_cda73.dir/build.make:81: CMakeFiles/cmTC_cda73.dir/testCXXCompiler.cxx.o] Error 1
    gmake[1]: Leaving directory '/scratch/ybudanaz/data_must_flow_artifacts/log_implementations/gcc/amd_epyc/.dacecache/log_implementations_dace/build/CMakeFiles/CMakeScratch/TryCompile-1NYNCq'
    gmake: *** [Makefile:134: cmTC_cda73/fast] Error 2
    
    



  CMake will not be able to correctly generate this project.
Call Stack (most recent call first):
  CMakeLists.txt:3 (project)


-- Configuring incomplete, errors occurred!

Traceback (most recent call last):
  File "/scratch/ybudanaz/dace/dace/codegen/compiler.py", line 224, in configure_and_compile
    _run_liveoutput(cmake_command, shell=True, cwd=build_folder, output_stream=output_stream)
  File "/scratch/ybudanaz/dace/dace/codegen/compiler.py", line 429, in _run_liveoutput
    raise subprocess.CalledProcessError(process.returncode, command, output.getvalue())
subprocess.CalledProcessError: Command 'cmake  "/scratch/ybudanaz/dace/dace/codegen" -DDACE_SRC_DIR="/scratch/ybudanaz/data_must_flow_artifacts/log_implementations/gcc/amd_epyc/.dacecache/log_implementations_dace/src" -DDACE_FILES="cpu/log_implementations_dace.cpp" -DDACE_PROGRAM_NAME=log_implementations_dace -DDACE_ENV_CMAKE_FILES="" -DDACE_ENV_COMPILE_FLAGS="" -DDACE_ENV_INCLUDES="" -DDACE_ENV_LIBRARIES="" -DDACE_ENV_MINIMUM_VERSION=0 -DDACE_ENV_PACKAGES="" -DDACE_ENV_VAR_KEYS="" -DDACE_ENV_VAR_VALUES="" -DCMAKE_CXX_COMPILER="/scratch/ybudanaz/spack/opt/spack/linux-centos8-zen2/gcc-10.2.0/gcc-14.2.0-2ib2x4iccgsxfde5ggfripdsywmm5hxc/bin/g++" -DCMAKE_CXX_FLAGS="-fopenmp -fstrict-aliasing -std=c++17 -faligned-new -fPIC -Wall -Wextra -O3 -march=native -ffast-math -Wno-unused-parameter -Wno-unused-label -march=armv9-a+simd -mcpu=neoverse-v2 -mprefer-vector-width=128" -DDACE_LIBS="" -DCMAKE_BUILD_TYPE=RelWithDebInfo -DCMAKE_SHARED_LINKER_FLAGS="-Wl,--disable-new-dtags"' returned non-zero exit status 1.

During handling of the above exception, another exception occurred:

Traceback (most recent call last):
  File "/scratch/ybudanaz/dace/dace/codegen/compiler.py", line 232, in configure_and_compile
    _run_liveoutput(cmake_command, shell=True, cwd=build_folder, output_stream=output_stream)
  File "/scratch/ybudanaz/dace/dace/codegen/compiler.py", line 429, in _run_liveoutput
    raise subprocess.CalledProcessError(process.returncode, command, output.getvalue())
subprocess.CalledProcessError: Command 'cmake  "/scratch/ybudanaz/dace/dace/codegen" -DDACE_SRC_DIR="/scratch/ybudanaz/data_must_flow_artifacts/log_implementations/gcc/amd_epyc/.dacecache/log_implementations_dace/src" -DDACE_FILES="cpu/log_implementations_dace.cpp" -DDACE_PROGRAM_NAME=log_implementations_dace -DDACE_ENV_CMAKE_FILES="" -DDACE_ENV_COMPILE_FLAGS="" -DDACE_ENV_INCLUDES="" -DDACE_ENV_LIBRARIES="" -DDACE_ENV_MINIMUM_VERSION=0 -DDACE_ENV_PACKAGES="" -DDACE_ENV_VAR_KEYS="" -DDACE_ENV_VAR_VALUES="" -DCMAKE_CXX_COMPILER="/scratch/ybudanaz/spack/opt/spack/linux-centos8-zen2/gcc-10.2.0/gcc-14.2.0-2ib2x4iccgsxfde5ggfripdsywmm5hxc/bin/g++" -DCMAKE_CXX_FLAGS="-fopenmp -fstrict-aliasing -std=c++17 -faligned-new -fPIC -Wall -Wextra -O3 -march=native -ffast-math -Wno-unused-parameter -Wno-unused-label -march=armv9-a+simd -mcpu=neoverse-v2 -mprefer-vector-width=128" -DDACE_LIBS="" -DCMAKE_BUILD_TYPE=RelWithDebInfo -DCMAKE_SHARED_LINKER_FLAGS="-Wl,--disable-new-dtags"' returned non-zero exit status 1.

During handling of the above exception, another exception occurred:

Traceback (most recent call last):
  File "/scratch/ybudanaz/data_must_flow_artifacts/log_implementations/gcc/amd_epyc/benchmark_log_implementations.py", line 265, in <module>
    all_timings["log_implementations_dace", S] = run_sdfg_multiple_times(
                                                 ^^^^^^^^^^^^^^^^^^^^^^^^
  File "/scratch/ybudanaz/data_must_flow_artifacts/log_implementations/gcc/amd_epyc/benchmark_log_implementations.py", line 182, in run_sdfg_multiple_times
    compiled = sdfg.compile()
               ^^^^^^^^^^^^^^
  File "/scratch/ybudanaz/dace/dace/sdfg/sdfg.py", line 2436, in compile
    shared_library = compiler.configure_and_compile(program_folder, sdfg.name)
                     ^^^^^^^^^^^^^^^^^^^^^^^^^^^^^^^^^^^^^^^^^^^^^^^^^^^^^^^^^
  File "/scratch/ybudanaz/dace/dace/codegen/compiler.py", line 238, in configure_and_compile
    raise cgx.CompilerConfigurationError('Configuration failure:\n' + ex.output)
dace.codegen.exceptions.CompilerConfigurationError: Configuration failure:
-- The C compiler identification is GNU 14.2.0
-- The CXX compiler identification is GNU 14.2.0
-- Detecting C compiler ABI info
-- Detecting C compiler ABI info - done
-- Check for working C compiler: /scratch/ybudanaz/spack/opt/spack/linux-centos8-zen2/gcc-10.2.0/gcc-14.2.0-2ib2x4iccgsxfde5ggfripdsywmm5hxc/bin/gcc - skipped
-- Detecting C compile features
-- Detecting C compile features - done
-- Detecting CXX compiler ABI info
-- Detecting CXX compiler ABI info - failed
-- Check for working CXX compiler: /scratch/ybudanaz/spack/opt/spack/linux-centos8-zen2/gcc-10.2.0/gcc-14.2.0-2ib2x4iccgsxfde5ggfripdsywmm5hxc/bin/g++
-- Check for working CXX compiler: /scratch/ybudanaz/spack/opt/spack/linux-centos8-zen2/gcc-10.2.0/gcc-14.2.0-2ib2x4iccgsxfde5ggfripdsywmm5hxc/bin/g++ - broken
CMake Error at /users/ybudanaz/.pyenv/versions/3.12.4/lib/python3.12/site-packages/cmake/data/share/cmake-4.2/Modules/CMakeTestCXXCompiler.cmake:73 (message):
  The C++ compiler
    "/scratch/ybudanaz/spack/opt/spack/linux-centos8-zen2/gcc-10.2.0/gcc-14.2.0-2ib2x4iccgsxfde5ggfripdsywmm5hxc/bin/g++"

  is not able to compile a simple test program.

  It fails with the following output:

    Change Dir: '/scratch/ybudanaz/data_must_flow_artifacts/log_implementations/gcc/amd_epyc/.dacecache/log_implementations_dace/build/CMakeFiles/CMakeScratch/TryCompile-LY6jYW'
    
    Run Build Command(s): /users/ybudanaz/.pyenv/versions/3.12.4/lib/python3.12/site-packages/cmake/data/bin/cmake -E env VERBOSE=1 /scratch/ybudanaz/spack/opt/spack/linux-centos8-zen2/gcc-10.2.0/gmake-4.4.1-gpmelukr7tfcxmwv3tlwazj6jelsyke6/bin/gmake -f Makefile cmTC_f5b15/fast
    /scratch/ybudanaz/spack/opt/spack/linux-centos8-zen2/gcc-10.2.0/gmake-4.4.1-gpmelukr7tfcxmwv3tlwazj6jelsyke6/bin/gmake  -f CMakeFiles/cmTC_f5b15.dir/build.make CMakeFiles/cmTC_f5b15.dir/build
    gmake[1]: Entering directory '/scratch/ybudanaz/data_must_flow_artifacts/log_implementations/gcc/amd_epyc/.dacecache/log_implementations_dace/build/CMakeFiles/CMakeScratch/TryCompile-LY6jYW'
    Building CXX object CMakeFiles/cmTC_f5b15.dir/testCXXCompiler.cxx.o
    /scratch/ybudanaz/spack/opt/spack/linux-centos8-zen2/gcc-10.2.0/gcc-14.2.0-2ib2x4iccgsxfde5ggfripdsywmm5hxc/bin/g++   -fopenmp -fstrict-aliasing -std=c++17 -faligned-new -fPIC -Wall -Wextra -O3 -march=native -ffast-math -Wno-unused-parameter -Wno-unused-label -march=armv9-a+simd -mcpu=neoverse-v2 -mprefer-vector-width=128  -o CMakeFiles/cmTC_f5b15.dir/testCXXCompiler.cxx.o -c /scratch/ybudanaz/data_must_flow_artifacts/log_implementations/gcc/amd_epyc/.dacecache/log_implementations_dace/build/CMakeFiles/CMakeScratch/TryCompile-LY6jYW/testCXXCompiler.cxx
    g++: warning: '-mcpu=' is deprecated; use '-mtune=' or '-march=' instead
    cc1plus: error: bad value 'armv9-a+simd' for '-march=' switch
    cc1plus: note: valid arguments to '-march=' switch are: nocona core2 nehalem corei7 westmere sandybridge corei7-avx ivybridge core-avx-i haswell core-avx2 broadwell skylake skylake-avx512 cannonlake icelake-client rocketlake icelake-server cascadelake tigerlake cooperlake sapphirerapids emeraldrapids alderlake raptorlake meteorlake graniterapids graniterapids-d arrowlake arrowlake-s lunarlake pantherlake bonnell atom silvermont slm goldmont goldmont-plus tremont gracemont sierraforest grandridge clearwaterforest knl knm x86-64 x86-64-v2 x86-64-v3 x86-64-v4 eden-x2 nano nano-1000 nano-2000 nano-3000 nano-x2 eden-x4 nano-x4 lujiazui yongfeng k8 k8-sse3 opteron opteron-sse3 athlon64 athlon64-sse3 athlon-fx amdfam10 barcelona bdver1 bdver2 bdver3 bdver4 znver1 znver2 znver3 znver4 znver5 btver1 btver2 native
    cc1plus: error: bad value 'neoverse-v2' for '-mtune=' switch
    cc1plus: note: valid arguments to '-mtune=' switch are: nocona core2 nehalem corei7 westmere sandybridge corei7-avx ivybridge core-avx-i haswell core-avx2 broadwell skylake skylake-avx512 cannonlake icelake-client rocketlake icelake-server cascadelake tigerlake cooperlake sapphirerapids emeraldrapids alderlake raptorlake meteorlake graniterapids graniterapids-d arrowlake arrowlake-s lunarlake pantherlake bonnell atom silvermont slm goldmont goldmont-plus tremont gracemont sierraforest grandridge clearwaterforest knl knm intel x86-64 eden-x2 nano nano-1000 nano-2000 nano-3000 nano-x2 eden-x4 nano-x4 lujiazui yongfeng k8 k8-sse3 opteron opteron-sse3 athlon64 athlon64-sse3 athlon-fx amdfam10 barcelona bdver1 bdver2 bdver3 bdver4 znver1 znver2 znver3 znver4 znver5 btver1 btver2 generic native
    gmake[1]: *** [CMakeFiles/cmTC_f5b15.dir/build.make:81: CMakeFiles/cmTC_f5b15.dir/testCXXCompiler.cxx.o] Error 1
    gmake[1]: Leaving directory '/scratch/ybudanaz/data_must_flow_artifacts/log_implementations/gcc/amd_epyc/.dacecache/log_implementations_dace/build/CMakeFiles/CMakeScratch/TryCompile-LY6jYW'
    gmake: *** [Makefile:134: cmTC_f5b15/fast] Error 2
    
    



  CMake will not be able to correctly generate this project.
Call Stack (most recent call first):
  CMakeLists.txt:3 (project)


-- Configuring incomplete, errors occurred!

Traceback (most recent call last):
  File "/scratch/ybudanaz/dace/dace/codegen/compiler.py", line 224, in configure_and_compile
    _run_liveoutput(cmake_command, shell=True, cwd=build_folder, output_stream=output_stream)
  File "/scratch/ybudanaz/dace/dace/codegen/compiler.py", line 429, in _run_liveoutput
    raise subprocess.CalledProcessError(process.returncode, command, output.getvalue())
subprocess.CalledProcessError: Command 'cmake  "/scratch/ybudanaz/dace/dace/codegen" -DDACE_SRC_DIR="/scratch/ybudanaz/data_must_flow_artifacts/log_implementations/gcc/amd_epyc/.dacecache/log_implementations_dace/src" -DDACE_FILES="cpu/log_implementations_dace.cpp" -DDACE_PROGRAM_NAME=log_implementations_dace -DDACE_ENV_CMAKE_FILES="" -DDACE_ENV_COMPILE_FLAGS="" -DDACE_ENV_INCLUDES="" -DDACE_ENV_LIBRARIES="" -DDACE_ENV_MINIMUM_VERSION=0 -DDACE_ENV_PACKAGES="" -DDACE_ENV_VAR_KEYS="" -DDACE_ENV_VAR_VALUES="" -DCMAKE_CXX_COMPILER="/scratch/ybudanaz/spack/opt/spack/linux-centos8-zen2/gcc-10.2.0/gcc-14.2.0-2ib2x4iccgsxfde5ggfripdsywmm5hxc/bin/g++" -DCMAKE_CXX_FLAGS="-fopenmp -fstrict-aliasing -std=c++17 -faligned-new -fPIC -Wall -Wextra -O3 -march=native -ffast-math -Wno-unused-parameter -Wno-unused-label -march=armv9-a+sve2 -no-simd -mcpu=neoverse-v2" -DDACE_LIBS="" -DCMAKE_BUILD_TYPE=RelWithDebInfo -DCMAKE_SHARED_LINKER_FLAGS="-Wl,--disable-new-dtags"' returned non-zero exit status 1.

During handling of the above exception, another exception occurred:

Traceback (most recent call last):
  File "/scratch/ybudanaz/dace/dace/codegen/compiler.py", line 232, in configure_and_compile
    _run_liveoutput(cmake_command, shell=True, cwd=build_folder, output_stream=output_stream)
  File "/scratch/ybudanaz/dace/dace/codegen/compiler.py", line 429, in _run_liveoutput
    raise subprocess.CalledProcessError(process.returncode, command, output.getvalue())
subprocess.CalledProcessError: Command 'cmake  "/scratch/ybudanaz/dace/dace/codegen" -DDACE_SRC_DIR="/scratch/ybudanaz/data_must_flow_artifacts/log_implementations/gcc/amd_epyc/.dacecache/log_implementations_dace/src" -DDACE_FILES="cpu/log_implementations_dace.cpp" -DDACE_PROGRAM_NAME=log_implementations_dace -DDACE_ENV_CMAKE_FILES="" -DDACE_ENV_COMPILE_FLAGS="" -DDACE_ENV_INCLUDES="" -DDACE_ENV_LIBRARIES="" -DDACE_ENV_MINIMUM_VERSION=0 -DDACE_ENV_PACKAGES="" -DDACE_ENV_VAR_KEYS="" -DDACE_ENV_VAR_VALUES="" -DCMAKE_CXX_COMPILER="/scratch/ybudanaz/spack/opt/spack/linux-centos8-zen2/gcc-10.2.0/gcc-14.2.0-2ib2x4iccgsxfde5ggfripdsywmm5hxc/bin/g++" -DCMAKE_CXX_FLAGS="-fopenmp -fstrict-aliasing -std=c++17 -faligned-new -fPIC -Wall -Wextra -O3 -march=native -ffast-math -Wno-unused-parameter -Wno-unused-label -march=armv9-a+sve2 -no-simd -mcpu=neoverse-v2" -DDACE_LIBS="" -DCMAKE_BUILD_TYPE=RelWithDebInfo -DCMAKE_SHARED_LINKER_FLAGS="-Wl,--disable-new-dtags"' returned non-zero exit status 1.

During handling of the above exception, another exception occurred:

Traceback (most recent call last):
  File "/scratch/ybudanaz/data_must_flow_artifacts/log_implementations/gcc/amd_epyc/benchmark_log_implementations.py", line 265, in <module>
    all_timings["log_implementations_dace", S] = run_sdfg_multiple_times(
                                                 ^^^^^^^^^^^^^^^^^^^^^^^^
  File "/scratch/ybudanaz/data_must_flow_artifacts/log_implementations/gcc/amd_epyc/benchmark_log_implementations.py", line 182, in run_sdfg_multiple_times
    compiled = sdfg.compile()
               ^^^^^^^^^^^^^^
  File "/scratch/ybudanaz/dace/dace/sdfg/sdfg.py", line 2436, in compile
    shared_library = compiler.configure_and_compile(program_folder, sdfg.name)
                     ^^^^^^^^^^^^^^^^^^^^^^^^^^^^^^^^^^^^^^^^^^^^^^^^^^^^^^^^^
  File "/scratch/ybudanaz/dace/dace/codegen/compiler.py", line 238, in configure_and_compile
    raise cgx.CompilerConfigurationError('Configuration failure:\n' + ex.output)
dace.codegen.exceptions.CompilerConfigurationError: Configuration failure:
-- The C compiler identification is GNU 14.2.0
-- The CXX compiler identification is GNU 14.2.0
-- Detecting C compiler ABI info
-- Detecting C compiler ABI info - done
-- Check for working C compiler: /scratch/ybudanaz/spack/opt/spack/linux-centos8-zen2/gcc-10.2.0/gcc-14.2.0-2ib2x4iccgsxfde5ggfripdsywmm5hxc/bin/gcc - skipped
-- Detecting C compile features
-- Detecting C compile features - done
-- Detecting CXX compiler ABI info
-- Detecting CXX compiler ABI info - failed
-- Check for working CXX compiler: /scratch/ybudanaz/spack/opt/spack/linux-centos8-zen2/gcc-10.2.0/gcc-14.2.0-2ib2x4iccgsxfde5ggfripdsywmm5hxc/bin/g++
-- Check for working CXX compiler: /scratch/ybudanaz/spack/opt/spack/linux-centos8-zen2/gcc-10.2.0/gcc-14.2.0-2ib2x4iccgsxfde5ggfripdsywmm5hxc/bin/g++ - broken
CMake Error at /users/ybudanaz/.pyenv/versions/3.12.4/lib/python3.12/site-packages/cmake/data/share/cmake-4.2/Modules/CMakeTestCXXCompiler.cmake:73 (message):
  The C++ compiler
    "/scratch/ybudanaz/spack/opt/spack/linux-centos8-zen2/gcc-10.2.0/gcc-14.2.0-2ib2x4iccgsxfde5ggfripdsywmm5hxc/bin/g++"

  is not able to compile a simple test program.

  It fails with the following output:

    Change Dir: '/scratch/ybudanaz/data_must_flow_artifacts/log_implementations/gcc/amd_epyc/.dacecache/log_implementations_dace/build/CMakeFiles/CMakeScratch/TryCompile-Aru6p7'
    
    Run Build Command(s): /users/ybudanaz/.pyenv/versions/3.12.4/lib/python3.12/site-packages/cmake/data/bin/cmake -E env VERBOSE=1 /scratch/ybudanaz/spack/opt/spack/linux-centos8-zen2/gcc-10.2.0/gmake-4.4.1-gpmelukr7tfcxmwv3tlwazj6jelsyke6/bin/gmake -f Makefile cmTC_530a9/fast
    /scratch/ybudanaz/spack/opt/spack/linux-centos8-zen2/gcc-10.2.0/gmake-4.4.1-gpmelukr7tfcxmwv3tlwazj6jelsyke6/bin/gmake  -f CMakeFiles/cmTC_530a9.dir/build.make CMakeFiles/cmTC_530a9.dir/build
    gmake[1]: Entering directory '/scratch/ybudanaz/data_must_flow_artifacts/log_implementations/gcc/amd_epyc/.dacecache/log_implementations_dace/build/CMakeFiles/CMakeScratch/TryCompile-Aru6p7'
    Building CXX object CMakeFiles/cmTC_530a9.dir/testCXXCompiler.cxx.o
    /scratch/ybudanaz/spack/opt/spack/linux-centos8-zen2/gcc-10.2.0/gcc-14.2.0-2ib2x4iccgsxfde5ggfripdsywmm5hxc/bin/g++   -fopenmp -fstrict-aliasing -std=c++17 -faligned-new -fPIC -Wall -Wextra -O3 -march=native -ffast-math -Wno-unused-parameter -Wno-unused-label -march=armv9-a+sve2 -no-simd -mcpu=neoverse-v2  -o CMakeFiles/cmTC_530a9.dir/testCXXCompiler.cxx.o -c /scratch/ybudanaz/data_must_flow_artifacts/log_implementations/gcc/amd_epyc/.dacecache/log_implementations_dace/build/CMakeFiles/CMakeScratch/TryCompile-Aru6p7/testCXXCompiler.cxx
    g++: warning: '-mcpu=' is deprecated; use '-mtune=' or '-march=' instead
    g++: error: unrecognized command-line option '-no-simd'
    gmake[1]: *** [CMakeFiles/cmTC_530a9.dir/build.make:81: CMakeFiles/cmTC_530a9.dir/testCXXCompiler.cxx.o] Error 1
    gmake[1]: Leaving directory '/scratch/ybudanaz/data_must_flow_artifacts/log_implementations/gcc/amd_epyc/.dacecache/log_implementations_dace/build/CMakeFiles/CMakeScratch/TryCompile-Aru6p7'
    gmake: *** [Makefile:134: cmTC_530a9/fast] Error 2
    
    



  CMake will not be able to correctly generate this project.
Call Stack (most recent call first):
  CMakeLists.txt:3 (project)


-- Configuring incomplete, errors occurred!

Traceback (most recent call last):
  File "/scratch/ybudanaz/dace/dace/codegen/compiler.py", line 224, in configure_and_compile
    _run_liveoutput(cmake_command, shell=True, cwd=build_folder, output_stream=output_stream)
  File "/scratch/ybudanaz/dace/dace/codegen/compiler.py", line 429, in _run_liveoutput
    raise subprocess.CalledProcessError(process.returncode, command, output.getvalue())
subprocess.CalledProcessError: Command 'cmake  "/scratch/ybudanaz/dace/dace/codegen" -DDACE_SRC_DIR="/scratch/ybudanaz/data_must_flow_artifacts/log_implementations/gcc/amd_epyc/.dacecache/log_implementations_dace/src" -DDACE_FILES="cpu/log_implementations_dace.cpp" -DDACE_PROGRAM_NAME=log_implementations_dace -DDACE_ENV_CMAKE_FILES="" -DDACE_ENV_COMPILE_FLAGS="" -DDACE_ENV_INCLUDES="" -DDACE_ENV_LIBRARIES="" -DDACE_ENV_MINIMUM_VERSION=0 -DDACE_ENV_PACKAGES="" -DDACE_ENV_VAR_KEYS="" -DDACE_ENV_VAR_VALUES="" -DCMAKE_CXX_COMPILER="/scratch/ybudanaz/spack/opt/spack/linux-centos8-zen2/gcc-10.2.0/gcc-14.2.0-2ib2x4iccgsxfde5ggfripdsywmm5hxc/bin/g++" -DCMAKE_CXX_FLAGS="-fopenmp -fstrict-aliasing -std=c++17 -faligned-new -fPIC -Wall -Wextra -O3 -march=native -ffast-math -Wno-unused-parameter -Wno-unused-label -march=armv9-a -mcpu=neoverse-v2 -fno-tree-vectorize -fno-tree-slp-vectorize" -DDACE_LIBS="" -DCMAKE_BUILD_TYPE=RelWithDebInfo -DCMAKE_SHARED_LINKER_FLAGS="-Wl,--disable-new-dtags"' returned non-zero exit status 1.

During handling of the above exception, another exception occurred:

Traceback (most recent call last):
  File "/scratch/ybudanaz/dace/dace/codegen/compiler.py", line 232, in configure_and_compile
    _run_liveoutput(cmake_command, shell=True, cwd=build_folder, output_stream=output_stream)
  File "/scratch/ybudanaz/dace/dace/codegen/compiler.py", line 429, in _run_liveoutput
    raise subprocess.CalledProcessError(process.returncode, command, output.getvalue())
subprocess.CalledProcessError: Command 'cmake  "/scratch/ybudanaz/dace/dace/codegen" -DDACE_SRC_DIR="/scratch/ybudanaz/data_must_flow_artifacts/log_implementations/gcc/amd_epyc/.dacecache/log_implementations_dace/src" -DDACE_FILES="cpu/log_implementations_dace.cpp" -DDACE_PROGRAM_NAME=log_implementations_dace -DDACE_ENV_CMAKE_FILES="" -DDACE_ENV_COMPILE_FLAGS="" -DDACE_ENV_INCLUDES="" -DDACE_ENV_LIBRARIES="" -DDACE_ENV_MINIMUM_VERSION=0 -DDACE_ENV_PACKAGES="" -DDACE_ENV_VAR_KEYS="" -DDACE_ENV_VAR_VALUES="" -DCMAKE_CXX_COMPILER="/scratch/ybudanaz/spack/opt/spack/linux-centos8-zen2/gcc-10.2.0/gcc-14.2.0-2ib2x4iccgsxfde5ggfripdsywmm5hxc/bin/g++" -DCMAKE_CXX_FLAGS="-fopenmp -fstrict-aliasing -std=c++17 -faligned-new -fPIC -Wall -Wextra -O3 -march=native -ffast-math -Wno-unused-parameter -Wno-unused-label -march=armv9-a -mcpu=neoverse-v2 -fno-tree-vectorize -fno-tree-slp-vectorize" -DDACE_LIBS="" -DCMAKE_BUILD_TYPE=RelWithDebInfo -DCMAKE_SHARED_LINKER_FLAGS="-Wl,--disable-new-dtags"' returned non-zero exit status 1.

During handling of the above exception, another exception occurred:

Traceback (most recent call last):
  File "/scratch/ybudanaz/data_must_flow_artifacts/log_implementations/gcc/amd_epyc/benchmark_log_implementations.py", line 265, in <module>
    all_timings["log_implementations_dace", S] = run_sdfg_multiple_times(
                                                 ^^^^^^^^^^^^^^^^^^^^^^^^
  File "/scratch/ybudanaz/data_must_flow_artifacts/log_implementations/gcc/amd_epyc/benchmark_log_implementations.py", line 182, in run_sdfg_multiple_times
    compiled = sdfg.compile()
               ^^^^^^^^^^^^^^
  File "/scratch/ybudanaz/dace/dace/sdfg/sdfg.py", line 2436, in compile
    shared_library = compiler.configure_and_compile(program_folder, sdfg.name)
                     ^^^^^^^^^^^^^^^^^^^^^^^^^^^^^^^^^^^^^^^^^^^^^^^^^^^^^^^^^
  File "/scratch/ybudanaz/dace/dace/codegen/compiler.py", line 238, in configure_and_compile
    raise cgx.CompilerConfigurationError('Configuration failure:\n' + ex.output)
dace.codegen.exceptions.CompilerConfigurationError: Configuration failure:
-- The C compiler identification is GNU 14.2.0
-- The CXX compiler identification is GNU 14.2.0
-- Detecting C compiler ABI info
-- Detecting C compiler ABI info - done
-- Check for working C compiler: /scratch/ybudanaz/spack/opt/spack/linux-centos8-zen2/gcc-10.2.0/gcc-14.2.0-2ib2x4iccgsxfde5ggfripdsywmm5hxc/bin/gcc - skipped
-- Detecting C compile features
-- Detecting C compile features - done
-- Detecting CXX compiler ABI info
-- Detecting CXX compiler ABI info - failed
-- Check for working CXX compiler: /scratch/ybudanaz/spack/opt/spack/linux-centos8-zen2/gcc-10.2.0/gcc-14.2.0-2ib2x4iccgsxfde5ggfripdsywmm5hxc/bin/g++
-- Check for working CXX compiler: /scratch/ybudanaz/spack/opt/spack/linux-centos8-zen2/gcc-10.2.0/gcc-14.2.0-2ib2x4iccgsxfde5ggfripdsywmm5hxc/bin/g++ - broken
CMake Error at /users/ybudanaz/.pyenv/versions/3.12.4/lib/python3.12/site-packages/cmake/data/share/cmake-4.2/Modules/CMakeTestCXXCompiler.cmake:73 (message):
  The C++ compiler
    "/scratch/ybudanaz/spack/opt/spack/linux-centos8-zen2/gcc-10.2.0/gcc-14.2.0-2ib2x4iccgsxfde5ggfripdsywmm5hxc/bin/g++"

  is not able to compile a simple test program.

  It fails with the following output:

    Change Dir: '/scratch/ybudanaz/data_must_flow_artifacts/log_implementations/gcc/amd_epyc/.dacecache/log_implementations_dace/build/CMakeFiles/CMakeScratch/TryCompile-FEu7jT'
    
    Run Build Command(s): /users/ybudanaz/.pyenv/versions/3.12.4/lib/python3.12/site-packages/cmake/data/bin/cmake -E env VERBOSE=1 /scratch/ybudanaz/spack/opt/spack/linux-centos8-zen2/gcc-10.2.0/gmake-4.4.1-gpmelukr7tfcxmwv3tlwazj6jelsyke6/bin/gmake -f Makefile cmTC_fa1e7/fast
    /scratch/ybudanaz/spack/opt/spack/linux-centos8-zen2/gcc-10.2.0/gmake-4.4.1-gpmelukr7tfcxmwv3tlwazj6jelsyke6/bin/gmake  -f CMakeFiles/cmTC_fa1e7.dir/build.make CMakeFiles/cmTC_fa1e7.dir/build
    gmake[1]: Entering directory '/scratch/ybudanaz/data_must_flow_artifacts/log_implementations/gcc/amd_epyc/.dacecache/log_implementations_dace/build/CMakeFiles/CMakeScratch/TryCompile-FEu7jT'
    Building CXX object CMakeFiles/cmTC_fa1e7.dir/testCXXCompiler.cxx.o
    /scratch/ybudanaz/spack/opt/spack/linux-centos8-zen2/gcc-10.2.0/gcc-14.2.0-2ib2x4iccgsxfde5ggfripdsywmm5hxc/bin/g++   -fopenmp -fstrict-aliasing -std=c++17 -faligned-new -fPIC -Wall -Wextra -O3 -march=native -ffast-math -Wno-unused-parameter -Wno-unused-label -march=armv9-a -mcpu=neoverse-v2 -fno-tree-vectorize -fno-tree-slp-vectorize  -o CMakeFiles/cmTC_fa1e7.dir/testCXXCompiler.cxx.o -c /scratch/ybudanaz/data_must_flow_artifacts/log_implementations/gcc/amd_epyc/.dacecache/log_implementations_dace/build/CMakeFiles/CMakeScratch/TryCompile-FEu7jT/testCXXCompiler.cxx
    g++: warning: '-mcpu=' is deprecated; use '-mtune=' or '-march=' instead
    cc1plus: error: bad value 'armv9-a' for '-march=' switch
    cc1plus: note: valid arguments to '-march=' switch are: nocona core2 nehalem corei7 westmere sandybridge corei7-avx ivybridge core-avx-i haswell core-avx2 broadwell skylake skylake-avx512 cannonlake icelake-client rocketlake icelake-server cascadelake tigerlake cooperlake sapphirerapids emeraldrapids alderlake raptorlake meteorlake graniterapids graniterapids-d arrowlake arrowlake-s lunarlake pantherlake bonnell atom silvermont slm goldmont goldmont-plus tremont gracemont sierraforest grandridge clearwaterforest knl knm x86-64 x86-64-v2 x86-64-v3 x86-64-v4 eden-x2 nano nano-1000 nano-2000 nano-3000 nano-x2 eden-x4 nano-x4 lujiazui yongfeng k8 k8-sse3 opteron opteron-sse3 athlon64 athlon64-sse3 athlon-fx amdfam10 barcelona bdver1 bdver2 bdver3 bdver4 znver1 znver2 znver3 znver4 znver5 btver1 btver2 native
    cc1plus: error: bad value 'neoverse-v2' for '-mtune=' switch
    cc1plus: note: valid arguments to '-mtune=' switch are: nocona core2 nehalem corei7 westmere sandybridge corei7-avx ivybridge core-avx-i haswell core-avx2 broadwell skylake skylake-avx512 cannonlake icelake-client rocketlake icelake-server cascadelake tigerlake cooperlake sapphirerapids emeraldrapids alderlake raptorlake meteorlake graniterapids graniterapids-d arrowlake arrowlake-s lunarlake pantherlake bonnell atom silvermont slm goldmont goldmont-plus tremont gracemont sierraforest grandridge clearwaterforest knl knm intel x86-64 eden-x2 nano nano-1000 nano-2000 nano-3000 nano-x2 eden-x4 nano-x4 lujiazui yongfeng k8 k8-sse3 opteron opteron-sse3 athlon64 athlon64-sse3 athlon-fx amdfam10 barcelona bdver1 bdver2 bdver3 bdver4 znver1 znver2 znver3 znver4 znver5 btver1 btver2 generic native
    gmake[1]: *** [CMakeFiles/cmTC_fa1e7.dir/build.make:81: CMakeFiles/cmTC_fa1e7.dir/testCXXCompiler.cxx.o] Error 1
    gmake[1]: Leaving directory '/scratch/ybudanaz/data_must_flow_artifacts/log_implementations/gcc/amd_epyc/.dacecache/log_implementations_dace/build/CMakeFiles/CMakeScratch/TryCompile-FEu7jT'
    gmake: *** [Makefile:134: cmTC_fa1e7/fast] Error 2
    
    



  CMake will not be able to correctly generate this project.
Call Stack (most recent call first):
  CMakeLists.txt:3 (project)


-- Configuring incomplete, errors occurred!

