Traceback (most recent call last):
  File "/capstor/scratch/cscs/ybudanaz/dace/dace/codegen/compiler.py", line 245, in configure_and_compile
    _run_liveoutput("cmake --build . --config %s" % (Config.get('compiler', 'build_type')),
    ~~~~~~~~~~~~~~~^^^^^^^^^^^^^^^^^^^^^^^^^^^^^^^^^^^^^^^^^^^^^^^^^^^^^^^^^^^^^^^^^^^^^^^^
                    shell=True,
                    ^^^^^^^^^^^
                    cwd=build_folder,
                    ^^^^^^^^^^^^^^^^^
                    output_stream=output_stream)
                    ^^^^^^^^^^^^^^^^^^^^^^^^^^^^
  File "/capstor/scratch/cscs/ybudanaz/dace/dace/codegen/compiler.py", line 429, in _run_liveoutput
    raise subprocess.CalledProcessError(process.returncode, command, output.getvalue())
subprocess.CalledProcessError: Command 'cmake --build . --config RelWithDebInfo' returned non-zero exit status 2.

During handling of the above exception, another exception occurred:

Traceback (most recent call last):
  File "/capstor/scratch/cscs/ybudanaz/data_must_flow_artifacts/cloudsc_pattern_one/gcc/arm/benchmark_cloudsc_pattern_one.py", line 440, in <module>
    all_timings["cloudsc_pattern_1", N] = run_sdfg_multiple_times(
                                          ~~~~~~~~~~~~~~~~~~~~~~~^
        sdfg=cloudsc_pattern_1_sdfg,
        ^^^^^^^^^^^^^^^^^^^^^^^^^^^^
    ...<2 lines>...
        num_runs=NUM_REPS,
        ^^^^^^^^^^^^^^^^^^
    )
    ^
  File "/capstor/scratch/cscs/ybudanaz/data_must_flow_artifacts/cloudsc_pattern_one/gcc/arm/benchmark_cloudsc_pattern_one.py", line 262, in run_sdfg_multiple_times
    compiled = sdfg.compile()
  File "/capstor/scratch/cscs/ybudanaz/dace/dace/sdfg/sdfg.py", line 2436, in compile
    shared_library = compiler.configure_and_compile(program_folder, sdfg.name)
  File "/capstor/scratch/cscs/ybudanaz/dace/dace/codegen/compiler.py", line 254, in configure_and_compile
    raise cgx.CompilationError('Compiler failure:\n' + ex.output)
dace.codegen.exceptions.CompilationError: Compiler failure:
[ 25%] Building CXX object CMakeFiles/cloudsc_pattern_1.dir/capstor/scratch/cscs/ybudanaz/data_must_flow_artifacts/cloudsc_pattern_one/gcc/arm/.dacecache/cloudsc_pattern_1/src/cpu/cloudsc_pattern_1.cpp.o
cc1plus: error: unknown value 'aarch64' for '-march'
cc1plus: note: valid arguments are: armv8-a armv8.1-a armv8.2-a armv8.3-a armv8.4-a armv8.5-a armv8.6-a armv8.7-a armv8.8-a armv8.9-a armv8-r armv9-a armv9.1-a armv9.2-a armv9.3-a armv9.4-a native
gmake[2]: *** [CMakeFiles/cloudsc_pattern_1.dir/build.make:79: CMakeFiles/cloudsc_pattern_1.dir/capstor/scratch/cscs/ybudanaz/data_must_flow_artifacts/cloudsc_pattern_one/gcc/arm/.dacecache/cloudsc_pattern_1/src/cpu/cloudsc_pattern_1.cpp.o] Error 1
gmake[1]: *** [CMakeFiles/Makefile2:90: CMakeFiles/cloudsc_pattern_1.dir/all] Error 2
gmake: *** [Makefile:91: all] Error 2

